Log file open, 03/29/21 22:22:03
LogPakFile: Display: Found Pak file ../../../AraneoArena/Content/Paks/AraneoArena-WindowsNoEditor.pak attempting to mount.
LogPakFile: Display: Mounting pak file ../../../AraneoArena/Content/Paks/AraneoArena-WindowsNoEditor.pak.
LogPlatformFile: Not using cached read wrapper
LogTaskGraph: Started task graph with 5 named threads and 35 total threads with 3 sets of task threads.
LogStats: Stats thread started at 0.049929
LogD3D11RHI: Loaded GFSDK_Aftermath_Lib.x64.dll
LogICUInternationalization: ICU TimeZone Detection - Raw Offset: -5:00, Platform Override: ''
LogPluginManager: Mounting plugin AdvancedSessions
LogPluginManager: Mounting plugin OnlineSubsystem
LogPluginManager: Mounting plugin OnlineSubsystemUtils
LogPluginManager: Mounting plugin AdvancedSteamSessions
LogPluginManager: Mounting plugin OnlineSubsystemSteam
LogPluginManager: Mounting plugin SteamShared
LogPluginManager: Mounting plugin ElectronicNodes
LogPluginManager: Mounting plugin GraphFormatter
LogPluginManager: Mounting plugin Paper2D
LogPluginManager: Mounting plugin AISupport
LogPluginManager: Mounting plugin LightPropagationVolume
LogPluginManager: Mounting plugin AnimationSharing
LogPluginManager: Mounting plugin SignificanceManager
LogPluginManager: Mounting plugin UObjectPlugin
LogPluginManager: Mounting plugin AssetManagerEditor
LogPluginManager: Mounting plugin FacialAnimation
LogPluginManager: Mounting plugin GeometryMode
LogPluginManager: Mounting plugin DatasmithContent
LogPluginManager: Mounting plugin VariantManagerContent
LogPluginManager: Mounting plugin AlembicImporter
LogPluginManager: Mounting plugin GeometryCache
LogPluginManager: Mounting plugin AutomationUtils
LogPluginManager: Mounting plugin ScreenshotTools
LogPluginManager: Mounting plugin BackChannel
LogPluginManager: Mounting plugin ChaosClothEditor
LogPluginManager: Mounting plugin ChaosCloth
LogPluginManager: Mounting plugin ChaosEditor
LogPluginManager: Mounting plugin PlanarCut
LogPluginManager: Mounting plugin GeometryProcessing
LogPluginManager: Mounting plugin EditableMesh
LogPluginManager: Mounting plugin GeometryCollectionPlugin
LogPluginManager: Mounting plugin ProceduralMeshComponent
LogPluginManager: Mounting plugin ChaosSolverPlugin
LogPluginManager: Mounting plugin ChaosNiagara
LogPluginManager: Mounting plugin Niagara
LogPluginManager: Mounting plugin CharacterAI
LogPluginManager: Mounting plugin PlatformCrypto
LogPluginManager: Mounting plugin MagicLeapPassableWorld
LogPluginManager: Mounting plugin MagicLeap
LogPluginManager: Mounting plugin MLSDK
LogPluginManager: Mounting plugin MagicLeapLightEstimation
LogPluginManager: Mounting plugin AvfMedia
LogPluginManager: Mounting plugin ImgMedia
LogPluginManager: Mounting plugin MediaCompositing
LogPluginManager: Mounting plugin WmfMedia
LogPluginManager: Mounting plugin MeshPainting
LogPluginManager: Mounting plugin TcpMessaging
LogPluginManager: Mounting plugin UdpMessaging
LogPluginManager: Mounting plugin ActorSequence
LogPluginManager: Mounting plugin LevelSequenceEditor
LogPluginManager: Mounting plugin MatineeToLevelSequence
LogPluginManager: Mounting plugin TemplateSequence
LogPluginManager: Mounting plugin MovieRenderPipeline
LogPluginManager: Mounting plugin EditorScriptingUtilities
LogPluginManager: Mounting plugin NetcodeUnitTest
LogPluginManager: Mounting plugin OnlineSubsystemNull
LogPluginManager: Mounting plugin LauncherChunkInstaller
LogPluginManager: Mounting plugin AndroidPermission
LogPluginManager: Mounting plugin AppleImageUtils
LogPluginManager: Mounting plugin ArchVisCharacter
LogPluginManager: Mounting plugin AssetTags
LogPluginManager: Mounting plugin AudioCapture
LogPluginManager: Mounting plugin CableComponent
LogPluginManager: Mounting plugin CustomMeshComponent
LogPluginManager: Mounting plugin ExampleDeviceProfileSelector
LogPluginManager: Mounting plugin GooglePAD
LogPluginManager: Mounting plugin LocationServicesBPLibrary
LogPluginManager: Mounting plugin MobilePatchingUtils
LogPluginManager: Mounting plugin OculusVR
LogPluginManager: Mounting plugin PhysXVehicles
LogPluginManager: Mounting plugin RuntimePhysXCooking
LogPluginManager: Mounting plugin SoundFields
LogPluginManager: Mounting plugin SteamVR
LogPluginManager: Mounting plugin Synthesis
LogPluginManager: Mounting plugin WebMMoviePlayer
LogPluginManager: Mounting plugin WebMMedia
LogPluginManager: Mounting plugin WindowsMoviePlayer
LogInit: Using libcurl 7.55.1-DEV
LogInit:  - built for x86_64-pc-win32
LogInit:  - supports SSL with OpenSSL/1.1.1
LogInit:  - supports HTTP deflate (compression) using libz 1.2.8
LogInit:  - other features:
LogInit:      CURL_VERSION_SSL
LogInit:      CURL_VERSION_LIBZ
LogInit:      CURL_VERSION_IPV6
LogInit:      CURL_VERSION_ASYNCHDNS
LogInit:      CURL_VERSION_LARGEFILE
LogInit:      CURL_VERSION_IDN
LogInit:  CurlRequestOptions (configurable via config and command line):
LogInit:  - bVerifyPeer = true  - Libcurl will verify peer certificate
LogInit:  - bUseHttpProxy = false  - Libcurl will NOT use HTTP proxy
LogInit:  - bDontReuseConnections = false  - Libcurl will reuse connections
LogInit:  - MaxHostConnections = 16  - Libcurl will limit the number of connections to a host
LogInit:  - LocalHostAddr = Default
LogInit:  - BufferSize = 65536
LogOnline: Warning: OSS: TryLoadSubsystemAndSetDefault: LoadSubsystemModule([Steam]) failed
LogOnline: OSS: Creating online subsystem instance for: NULL
LogInit: WinSock: version 1.1 (2.2), MaxSocks=32767, MaxUdp=65467
LogOnline: OSS: TryLoadSubsystemAndSetDefault: Loaded subsystem for module [NULL]
LogInit: Build: ++UE4+Release-4.25-CL-14469661
LogInit: Engine Version: 4.25.4-14469661+++UE4+Release-4.25
LogInit: Compatible Engine Version: 4.25.0-13144385+++UE4+Release-4.25
LogInit: Net CL: 13144385
LogInit: OS: Windows 10 (Release 2009) (), CPU: Intel(R) Core(TM) i7-9750H CPU @ 2.60GHz, GPU: NVIDIA GeForce RTX 2080 with Max-Q Design
LogInit: Compiled (64-bit): Oct 11 2020 08:22:12
LogInit: Compiled with Visual C++: 19.16.27032.01
LogInit: Build Configuration: Development
LogInit: Branch Name: ++UE4+Release-4.25
LogInit: Command Line: 
LogInit: Base Directory: C:/Dev/Unreal/UE4-Final-Project/AraneoArena/WindowsNoEditor/AraneoArena/Binaries/Win64/
LogInit: Allocator: binned2
LogInit: Installed Engine Build: 0
LogDevObjectVersion: Number of dev versions registered: 26
LogDevObjectVersion:   Dev-Blueprints (B0D832E4-1F89-4F0D-ACCF-7EB736FD4AA2): 10
LogDevObjectVersion:   Dev-Build (E1C64328-A22C-4D53-A36C-8E866417BD8C): 0
LogDevObjectVersion:   Dev-Core (375EC13C-06E4-48FB-B500-84F0262A717E): 4
LogDevObjectVersion:   Dev-Editor (E4B068ED-F494-42E9-A231-DA0B2E46BB41): 38
LogDevObjectVersion:   Dev-Framework (CFFC743F-43B0-4480-9391-14DF171D2073): 37
LogDevObjectVersion:   Dev-Mobile (B02B49B5-BB20-44E9-A304-32B752E40360): 2
LogDevObjectVersion:   Dev-Networking (A4E4105C-59A1-49B5-A7C5-40C4547EDFEE): 0
LogDevObjectVersion:   Dev-Online (39C831C9-5AE6-47DC-9A44-9C173E1C8E7C): 0
LogDevObjectVersion:   Dev-Physics (78F01B33-EBEA-4F98-B9B4-84EACCB95AA2): 4
LogDevObjectVersion:   Dev-Platform (6631380F-2D4D-43E0-8009-CF276956A95A): 0
LogDevObjectVersion:   Dev-Rendering (12F88B9F-8875-4AFC-A67C-D90C383ABD29): 43
LogDevObjectVersion:   Dev-Sequencer (7B5AE74C-D270-4C10-A958-57980B212A5A): 12
LogDevObjectVersion:   Dev-VR (D7296918-1DD6-4BDD-9DE2-64A83CC13884): 3
LogDevObjectVersion:   Dev-LoadTimes (C2A15278-BFE7-4AFE-6C17-90FF531DF755): 1
LogDevObjectVersion:   Private-Geometry (6EACA3D4-40EC-4CC1-B786-8BED09428FC5): 3
LogDevObjectVersion:   Dev-AnimPhys (29E575DD-E0A3-4627-9D10-D276232CDCEA): 17
LogDevObjectVersion:   Dev-Anim (AF43A65D-7FD3-4947-9873-3E8ED9C1BB05): 7
LogDevObjectVersion:   Dev-ReflectionCapture (6B266CEC-1EC7-4B8F-A30B-E4D90942FC07): 1
LogDevObjectVersion:   Dev-Automation (0DF73D61-A23F-47EA-B727-89E90C41499A): 1
LogDevObjectVersion:   FortniteMain (601D1886-AC64-4F84-AA16-D3DE0DEAC7D6): 31
LogDevObjectVersion:   Dev-Enterprise (9DFFBCD6-494F-0158-E221-12823C92A888): 10
LogDevObjectVersion:   Dev-Niagara (F2AED0AC-9AFE-416F-8664-AA7FFA26D6FC): 1
LogDevObjectVersion:   Dev-Destruction (174F1F0B-B4C6-45A5-B13F-2EE8D0FB917D): 10
LogDevObjectVersion:   Dev-Physics-Ext (35F94A83-E258-406C-A318-09F59610247C): 37
LogDevObjectVersion:   Dev-PhysicsMaterial-Chaos (B68FC16E-8B1B-42E2-B453-215C058844FE): 1
LogDevObjectVersion:   Dev-CineCamera (B2E18506-4273-CFC2-A54E-F4BB758BBA07): 1
LogInit: Presizing for max 2097152 objects, including 1 objects not considered by GC, pre-allocating 0 bytes for permanent pool.
LogConfig: Applying CVar settings from Section [/Script/Engine.StreamingSettings] File [../../../AraneoArena/Saved/Config/WindowsNoEditor/Engine.ini]
LogConfig: Setting CVar [[s.MinBulkDataSizeForAsyncLoading:131072]]
LogConfig: Setting CVar [[s.AsyncLoadingThreadEnabled:0]]
LogConfig: Setting CVar [[s.EventDrivenLoaderEnabled:1]]
LogConfig: Setting CVar [[s.WarnIfTimeLimitExceeded:0]]
LogConfig: Setting CVar [[s.TimeLimitExceededMultiplier:1.5]]
LogConfig: Setting CVar [[s.TimeLimitExceededMinTime:0.005]]
LogConfig: Setting CVar [[s.UseBackgroundLevelStreaming:1]]
LogConfig: Setting CVar [[s.PriorityAsyncLoadingExtraTime:15.0]]
LogConfig: Setting CVar [[s.LevelStreamingActorsUpdateTimeLimit:5.0]]
LogConfig: Setting CVar [[s.PriorityLevelStreamingActorsUpdateExtraTime:5.0]]
LogConfig: Setting CVar [[s.LevelStreamingComponentsRegistrationGranularity:10]]
LogConfig: Setting CVar [[s.UnregisterComponentsTimeLimit:1.0]]
LogConfig: Setting CVar [[s.LevelStreamingComponentsUnregistrationGranularity:5]]
LogConfig: Setting CVar [[s.FlushStreamingOnExit:1]]
LogStreaming: Display: Async Loading initialized: Event Driven Loader: true, Async Loading Thread: false, Async Post Load: true
LogInit: Object subsystem initialized
LogConfig: Setting CVar [[con.DebugEarlyDefault:1]]
LogConfig: Setting CVar [[r.setres:1280x720]]
LogConfig: Setting CVar [[fx.NiagaraAllowRuntimeScalabilityChanges:1]]
[2021.03.30-02.22.03:398][  0]LogConfig: Setting CVar [[con.DebugEarlyDefault:1]]
[2021.03.30-02.22.03:398][  0]LogConfig: Setting CVar [[r.setres:1280x720]]
[2021.03.30-02.22.03:398][  0]LogConfig: Setting CVar [[fx.NiagaraAllowRuntimeScalabilityChanges:1]]
[2021.03.30-02.22.03:398][  0]LogConfig: Applying CVar settings from Section [/Script/Engine.RendererSettings] File [../../../AraneoArena/Saved/Config/WindowsNoEditor/Engine.ini]
[2021.03.30-02.22.03:398][  0]LogConfig: Setting CVar [[r.GPUCrashDebugging:0]]
[2021.03.30-02.22.03:398][  0]LogConfig: Applying CVar settings from Section [/Script/Engine.RendererOverrideSettings] File [../../../AraneoArena/Saved/Config/WindowsNoEditor/Engine.ini]
[2021.03.30-02.22.03:398][  0]LogConfig: Applying CVar settings from Section [/Script/Engine.StreamingSettings] File [../../../AraneoArena/Saved/Config/WindowsNoEditor/Engine.ini]
[2021.03.30-02.22.03:398][  0]LogConfig: Setting CVar [[s.MinBulkDataSizeForAsyncLoading:131072]]
[2021.03.30-02.22.03:398][  0]LogConfig: Setting CVar [[s.AsyncLoadingThreadEnabled:0]]
[2021.03.30-02.22.03:398][  0]LogConfig: Setting CVar [[s.EventDrivenLoaderEnabled:1]]
[2021.03.30-02.22.03:398][  0]LogConfig: Setting CVar [[s.WarnIfTimeLimitExceeded:0]]
[2021.03.30-02.22.03:398][  0]LogConfig: Setting CVar [[s.TimeLimitExceededMultiplier:1.5]]
[2021.03.30-02.22.03:398][  0]LogConfig: Setting CVar [[s.TimeLimitExceededMinTime:0.005]]
[2021.03.30-02.22.03:398][  0]LogConfig: Setting CVar [[s.UseBackgroundLevelStreaming:1]]
[2021.03.30-02.22.03:398][  0]LogConfig: Setting CVar [[s.PriorityAsyncLoadingExtraTime:15.0]]
[2021.03.30-02.22.03:398][  0]LogConfig: Setting CVar [[s.LevelStreamingActorsUpdateTimeLimit:5.0]]
[2021.03.30-02.22.03:398][  0]LogConfig: Setting CVar [[s.PriorityLevelStreamingActorsUpdateExtraTime:5.0]]
[2021.03.30-02.22.03:398][  0]LogConfig: Setting CVar [[s.LevelStreamingComponentsRegistrationGranularity:10]]
[2021.03.30-02.22.03:398][  0]LogConfig: Setting CVar [[s.UnregisterComponentsTimeLimit:1.0]]
[2021.03.30-02.22.03:398][  0]LogConfig: Setting CVar [[s.LevelStreamingComponentsUnregistrationGranularity:5]]
[2021.03.30-02.22.03:398][  0]LogConfig: Setting CVar [[s.FlushStreamingOnExit:1]]
[2021.03.30-02.22.03:398][  0]LogConfig: Applying CVar settings from Section [/Script/Engine.GarbageCollectionSettings] File [../../../AraneoArena/Saved/Config/WindowsNoEditor/Engine.ini]
[2021.03.30-02.22.03:398][  0]LogConfig: Setting CVar [[gc.MaxObjectsNotConsideredByGC:1]]
[2021.03.30-02.22.03:398][  0]LogConfig: Setting CVar [[gc.SizeOfPermanentObjectPool:0]]
[2021.03.30-02.22.03:398][  0]LogConfig: Setting CVar [[gc.FlushStreamingOnGC:0]]
[2021.03.30-02.22.03:398][  0]LogConfig: Setting CVar [[gc.NumRetriesBeforeForcingGC:10]]
[2021.03.30-02.22.03:398][  0]LogConfig: Setting CVar [[gc.AllowParallelGC:1]]
[2021.03.30-02.22.03:398][  0]LogConfig: Setting CVar [[gc.TimeBetweenPurgingPendingKillObjects:61.1]]
[2021.03.30-02.22.03:398][  0]LogConfig: Setting CVar [[gc.MaxObjectsInEditor:25165824]]
[2021.03.30-02.22.03:398][  0]LogConfig: Setting CVar [[gc.IncrementalBeginDestroyEnabled:1]]
[2021.03.30-02.22.03:398][  0]LogConfig: Setting CVar [[gc.CreateGCClusters:1]]
[2021.03.30-02.22.03:398][  0]LogConfig: Setting CVar [[gc.MinGCClusterSize:5]]
[2021.03.30-02.22.03:398][  0]LogConfig: Setting CVar [[gc.ActorClusteringEnabled:0]]
[2021.03.30-02.22.03:398][  0]LogConfig: Setting CVar [[gc.BlueprintClusteringEnabled:0]]
[2021.03.30-02.22.03:398][  0]LogConfig: Setting CVar [[gc.UseDisregardForGCOnDedicatedServers:0]]
[2021.03.30-02.22.03:398][  0]LogConfig: Applying CVar settings from Section [/Script/Engine.NetworkSettings] File [../../../AraneoArena/Saved/Config/WindowsNoEditor/Engine.ini]
[2021.03.30-02.22.03:407][  0]LogConfig: Applying CVar settings from Section [ViewDistanceQuality@3] File [../../../AraneoArena/Saved/Config/WindowsNoEditor/Scalability.ini]
[2021.03.30-02.22.03:407][  0]LogConfig: Setting CVar [[r.SkeletalMeshLODBias:0]]
[2021.03.30-02.22.03:407][  0]LogConfig: Setting CVar [[r.ViewDistanceScale:1.0]]
[2021.03.30-02.22.03:407][  0]LogConfig: Applying CVar settings from Section [AntiAliasingQuality@3] File [../../../AraneoArena/Saved/Config/WindowsNoEditor/Scalability.ini]
[2021.03.30-02.22.03:407][  0]LogConfig: Setting CVar [[r.PostProcessAAQuality:4]]
[2021.03.30-02.22.03:407][  0]LogConfig: Applying CVar settings from Section [ShadowQuality@3] File [../../../AraneoArena/Saved/Config/WindowsNoEditor/Scalability.ini]
[2021.03.30-02.22.03:407][  0]LogConfig: Setting CVar [[r.LightFunctionQuality:1]]
[2021.03.30-02.22.03:407][  0]LogConfig: Setting CVar [[r.ShadowQuality:5]]
[2021.03.30-02.22.03:407][  0]LogConfig: Setting CVar [[r.Shadow.CSM.MaxCascades:10]]
[2021.03.30-02.22.03:407][  0]LogConfig: Setting CVar [[r.Shadow.MaxResolution:2048]]
[2021.03.30-02.22.03:407][  0]LogConfig: Setting CVar [[r.Shadow.MaxCSMResolution:2048]]
[2021.03.30-02.22.03:407][  0]LogConfig: Setting CVar [[r.Shadow.RadiusThreshold:0.01]]
[2021.03.30-02.22.03:407][  0]LogConfig: Setting CVar [[r.Shadow.DistanceScale:1.0]]
[2021.03.30-02.22.03:407][  0]LogConfig: Setting CVar [[r.Shadow.CSM.TransitionScale:1.0]]
[2021.03.30-02.22.03:407][  0]LogConfig: Setting CVar [[r.Shadow.PreShadowResolutionFactor:1.0]]
[2021.03.30-02.22.03:407][  0]LogConfig: Setting CVar [[r.DistanceFieldShadowing:1]]
[2021.03.30-02.22.03:407][  0]LogConfig: Setting CVar [[r.DistanceFieldAO:1]]
[2021.03.30-02.22.03:407][  0]LogConfig: Setting CVar [[r.AOQuality:2]]
[2021.03.30-02.22.03:407][  0]LogConfig: Setting CVar [[r.VolumetricFog:1]]
[2021.03.30-02.22.03:407][  0]LogConfig: Setting CVar [[r.VolumetricFog.GridPixelSize:8]]
[2021.03.30-02.22.03:407][  0]LogConfig: Setting CVar [[r.VolumetricFog.GridSizeZ:128]]
[2021.03.30-02.22.03:407][  0]LogConfig: Setting CVar [[r.VolumetricFog.HistoryMissSupersampleCount:4]]
[2021.03.30-02.22.03:407][  0]LogConfig: Setting CVar [[r.LightMaxDrawDistanceScale:1]]
[2021.03.30-02.22.03:407][  0]LogConfig: Setting CVar [[r.CapsuleShadows:1]]
[2021.03.30-02.22.03:407][  0]LogConfig: Applying CVar settings from Section [PostProcessQuality@3] File [../../../AraneoArena/Saved/Config/WindowsNoEditor/Scalability.ini]
[2021.03.30-02.22.03:407][  0]LogConfig: Setting CVar [[r.MotionBlurQuality:4]]
[2021.03.30-02.22.03:407][  0]LogConfig: Setting CVar [[r.AmbientOcclusionMipLevelFactor:0.4]]
[2021.03.30-02.22.03:407][  0]LogConfig: Setting CVar [[r.AmbientOcclusionMaxQuality:100]]
[2021.03.30-02.22.03:407][  0]LogConfig: Setting CVar [[r.AmbientOcclusionLevels:-1]]
[2021.03.30-02.22.03:407][  0]LogConfig: Setting CVar [[r.AmbientOcclusionRadiusScale:1.0]]
[2021.03.30-02.22.03:407][  0]LogConfig: Setting CVar [[r.DepthOfFieldQuality:2]]
[2021.03.30-02.22.03:407][  0]LogConfig: Setting CVar [[r.RenderTargetPoolMin:400]]
[2021.03.30-02.22.03:407][  0]LogConfig: Setting CVar [[r.LensFlareQuality:2]]
[2021.03.30-02.22.03:407][  0]LogConfig: Setting CVar [[r.SceneColorFringeQuality:1]]
[2021.03.30-02.22.03:408][  0]LogConfig: Setting CVar [[r.EyeAdaptationQuality:2]]
[2021.03.30-02.22.03:408][  0]LogConfig: Setting CVar [[r.BloomQuality:5]]
[2021.03.30-02.22.03:408][  0]LogConfig: Setting CVar [[r.FastBlurThreshold:100]]
[2021.03.30-02.22.03:408][  0]LogConfig: Setting CVar [[r.Upscale.Quality:3]]
[2021.03.30-02.22.03:408][  0]LogConfig: Setting CVar [[r.Tonemapper.GrainQuantization:1]]
[2021.03.30-02.22.03:408][  0]LogConfig: Setting CVar [[r.LightShaftQuality:1]]
[2021.03.30-02.22.03:408][  0]LogConfig: Setting CVar [[r.Filter.SizeScale:1]]
[2021.03.30-02.22.03:408][  0]LogConfig: Setting CVar [[r.Tonemapper.Quality:5]]
[2021.03.30-02.22.03:408][  0]LogConfig: Setting CVar [[r.DOF.Gather.AccumulatorQuality:1        ; higher gathering accumulator quality]]
[2021.03.30-02.22.03:408][  0]LogConfig: Setting CVar [[r.DOF.Gather.PostfilterMethod:1          ; Median3x3 postfilering method]]
[2021.03.30-02.22.03:408][  0]LogConfig: Setting CVar [[r.DOF.Gather.EnableBokehSettings:0       ; no bokeh simulation when gathering]]
[2021.03.30-02.22.03:408][  0]LogConfig: Setting CVar [[r.DOF.Gather.RingCount:4                 ; medium number of samples when gathering]]
[2021.03.30-02.22.03:408][  0]LogConfig: Setting CVar [[r.DOF.Scatter.ForegroundCompositing:1    ; additive foreground scattering]]
[2021.03.30-02.22.03:408][  0]LogConfig: Setting CVar [[r.DOF.Scatter.BackgroundCompositing:2    ; additive background scattering]]
[2021.03.30-02.22.03:408][  0]LogConfig: Setting CVar [[r.DOF.Scatter.EnableBokehSettings:1      ; bokeh simulation when scattering]]
[2021.03.30-02.22.03:408][  0]LogConfig: Setting CVar [[r.DOF.Scatter.MaxSpriteRatio:0.1         ; only a maximum of 10% of scattered bokeh]]
[2021.03.30-02.22.03:408][  0]LogConfig: Setting CVar [[r.DOF.Recombine.Quality:1                ; cheap slight out of focus]]
[2021.03.30-02.22.03:408][  0]LogConfig: Setting CVar [[r.DOF.Recombine.EnableBokehSettings:0    ; no bokeh simulation on slight out of focus]]
[2021.03.30-02.22.03:408][  0]LogConfig: Setting CVar [[r.DOF.TemporalAAQuality:1                ; more stable temporal accumulation]]
[2021.03.30-02.22.03:408][  0]LogConfig: Setting CVar [[r.DOF.Kernel.MaxForegroundRadius:0.025]]
[2021.03.30-02.22.03:408][  0]LogConfig: Setting CVar [[r.DOF.Kernel.MaxBackgroundRadius:0.025]]
[2021.03.30-02.22.03:408][  0]LogConfig: Applying CVar settings from Section [TextureQuality@3] File [../../../AraneoArena/Saved/Config/WindowsNoEditor/Scalability.ini]
[2021.03.30-02.22.03:408][  0]LogConfig: Setting CVar [[r.Streaming.MipBias:0]]
[2021.03.30-02.22.03:408][  0]LogConfig: Setting CVar [[r.Streaming.AmortizeCPUToGPUCopy:0]]
[2021.03.30-02.22.03:408][  0]LogConfig: Setting CVar [[r.Streaming.MaxNumTexturesToStreamPerFrame:0]]
[2021.03.30-02.22.03:408][  0]LogConfig: Setting CVar [[r.Streaming.Boost:1]]
[2021.03.30-02.22.03:408][  0]LogConfig: Setting CVar [[r.MaxAnisotropy:8]]
[2021.03.30-02.22.03:408][  0]LogConfig: Setting CVar [[r.VT.MaxAnisotropy:8]]
[2021.03.30-02.22.03:408][  0]LogConfig: Setting CVar [[r.Streaming.LimitPoolSizeToVRAM:0]]
[2021.03.30-02.22.03:408][  0]LogConfig: Setting CVar [[r.Streaming.PoolSize:1000]]
[2021.03.30-02.22.03:408][  0]LogConfig: Setting CVar [[r.Streaming.MaxEffectiveScreenSize:0]]
[2021.03.30-02.22.03:408][  0]LogConfig: Applying CVar settings from Section [EffectsQuality@3] File [../../../AraneoArena/Saved/Config/WindowsNoEditor/Scalability.ini]
[2021.03.30-02.22.03:408][  0]LogConfig: Setting CVar [[r.TranslucencyLightingVolumeDim:64]]
[2021.03.30-02.22.03:408][  0]LogConfig: Setting CVar [[r.RefractionQuality:2]]
[2021.03.30-02.22.03:408][  0]LogConfig: Setting CVar [[r.SSR.Quality:3]]
[2021.03.30-02.22.03:408][  0]LogConfig: Setting CVar [[r.SSR.HalfResSceneColor:0]]
[2021.03.30-02.22.03:408][  0]LogConfig: Setting CVar [[r.SceneColorFormat:4]]
[2021.03.30-02.22.03:408][  0]LogConfig: Setting CVar [[r.DetailMode:2]]
[2021.03.30-02.22.03:408][  0]LogConfig: Setting CVar [[r.TranslucencyVolumeBlur:1]]
[2021.03.30-02.22.03:408][  0]LogConfig: Setting CVar [[r.MaterialQualityLevel:1 ; High quality]]
[2021.03.30-02.22.03:408][  0]LogConfig: Setting CVar [[r.SSS.Scale:1]]
[2021.03.30-02.22.03:408][  0]LogConfig: Setting CVar [[r.SSS.SampleSet:2]]
[2021.03.30-02.22.03:408][  0]LogConfig: Setting CVar [[r.SSS.Quality:1]]
[2021.03.30-02.22.03:408][  0]LogConfig: Setting CVar [[r.SSS.HalfRes:0]]
[2021.03.30-02.22.03:408][  0]LogConfig: Setting CVar [[r.SSGI.Quality:3]]
[2021.03.30-02.22.03:408][  0]LogConfig: Setting CVar [[r.EmitterSpawnRateScale:1.0]]
[2021.03.30-02.22.03:408][  0]LogConfig: Setting CVar [[r.ParticleLightQuality:2]]
[2021.03.30-02.22.03:408][  0]LogConfig: Setting CVar [[r.SkyAtmosphere.AerialPerspectiveLUT.FastApplyOnOpaque:1 ; Always have FastSkyLUT 1 in this case to avoid wrong sky]]
[2021.03.30-02.22.03:408][  0]LogConfig: Setting CVar [[r.SkyAtmosphere.AerialPerspectiveLUT.SampleCountPerSlice:1]]
[2021.03.30-02.22.03:408][  0]LogConfig: Setting CVar [[r.SkyAtmosphere.AerialPerspectiveLUT.DepthResolution:16.0]]
[2021.03.30-02.22.03:408][  0]LogConfig: Setting CVar [[r.SkyAtmosphere.FastSkyLUT:1]]
[2021.03.30-02.22.03:408][  0]LogConfig: Setting CVar [[r.SkyAtmosphere.FastSkyLUT.SampleCountMin:4.0]]
[2021.03.30-02.22.03:408][  0]LogConfig: Setting CVar [[r.SkyAtmosphere.FastSkyLUT.SampleCountMax:32.0]]
[2021.03.30-02.22.03:408][  0]LogConfig: Setting CVar [[r.SkyAtmosphere.SampleCountMin:4.0]]
[2021.03.30-02.22.03:408][  0]LogConfig: Setting CVar [[r.SkyAtmosphere.SampleCountMax:32.0]]
[2021.03.30-02.22.03:408][  0]LogConfig: Setting CVar [[r.SkyAtmosphere.TransmittanceLUT.UseSmallFormat:0]]
[2021.03.30-02.22.03:408][  0]LogConfig: Setting CVar [[r.SkyAtmosphere.TransmittanceLUT.SampleCount:10.0]]
[2021.03.30-02.22.03:408][  0]LogConfig: Setting CVar [[r.SkyAtmosphere.MultiScatteringLUT.SampleCount:15.0]]
[2021.03.30-02.22.03:408][  0]LogConfig: Setting CVar [[fx.Niagara.QualityLevel:3]]
[2021.03.30-02.22.03:408][  0]LogConfig: Applying CVar settings from Section [FoliageQuality@3] File [../../../AraneoArena/Saved/Config/WindowsNoEditor/Scalability.ini]
[2021.03.30-02.22.03:408][  0]LogConfig: Setting CVar [[foliage.DensityScale:1.0]]
[2021.03.30-02.22.03:408][  0]LogConfig: Setting CVar [[grass.DensityScale:1.0]]
[2021.03.30-02.22.03:408][  0]LogConfig: Applying CVar settings from Section [ShadingQuality@3] File [../../../AraneoArena/Saved/Config/WindowsNoEditor/Scalability.ini]
[2021.03.30-02.22.03:408][  0]LogConfig: Setting CVar [[r.HairStrands.SkyLighting.SampleCount:16]]
[2021.03.30-02.22.03:408][  0]LogConfig: Setting CVar [[r.HairStrands.SkyLighting.JitterIntegration:0]]
[2021.03.30-02.22.03:408][  0]LogConfig: Setting CVar [[r.HairStrands.SkyAO.SampleCount:16]]
[2021.03.30-02.22.03:408][  0]LogConfig: Setting CVar [[r.HairStrands.DeepShadow.SuperSampling:0]]
[2021.03.30-02.22.03:408][  0]LogConfig: Setting CVar [[r.HairStrands.VisibilityPPLL:0]]
[2021.03.30-02.22.03:408][  0]LogConfig: Setting CVar [[r.HairStrands.RasterizationScale:0.5]]
[2021.03.30-02.22.03:408][  0]LogConfig: Setting CVar [[r.HairStrands.VelocityRasterizationScale:1]]
[2021.03.30-02.22.03:408][  0]LogInit: Selected Device Profile: [WindowsNoEditor]
[2021.03.30-02.22.03:409][  0]LogInit: Applying CVar settings loaded from the selected device profile: [WindowsNoEditor]
[2021.03.30-02.22.03:409][  0]LogHAL: Display: Platform has ~ 32 GB [34275119104 / 34359738368 / 32], which maps to Largest [LargestMinGB=32, LargerMinGB=12, DefaultMinGB=8, SmallerMinGB=6, SmallestMinGB=0)
[2021.03.30-02.22.03:409][  0]LogInit: Going up to parent DeviceProfile [Windows]
[2021.03.30-02.22.03:409][  0]LogInit: Going up to parent DeviceProfile []
[2021.03.30-02.22.03:409][  0]LogConfig: Applying CVar settings from Section [ViewDistanceQuality@3] File [../../../AraneoArena/Saved/Config/WindowsNoEditor/Scalability.ini]
[2021.03.30-02.22.03:409][  0]LogConfig: Setting CVar [[r.SkeletalMeshLODBias:0]]
[2021.03.30-02.22.03:409][  0]LogConfig: Setting CVar [[r.ViewDistanceScale:1.0]]
[2021.03.30-02.22.03:409][  0]LogConfig: Applying CVar settings from Section [AntiAliasingQuality@3] File [../../../AraneoArena/Saved/Config/WindowsNoEditor/Scalability.ini]
[2021.03.30-02.22.03:409][  0]LogConfig: Setting CVar [[r.PostProcessAAQuality:4]]
[2021.03.30-02.22.03:409][  0]LogConfig: Applying CVar settings from Section [ShadowQuality@3] File [../../../AraneoArena/Saved/Config/WindowsNoEditor/Scalability.ini]
[2021.03.30-02.22.03:409][  0]LogConfig: Setting CVar [[r.LightFunctionQuality:1]]
[2021.03.30-02.22.03:409][  0]LogConfig: Setting CVar [[r.ShadowQuality:5]]
[2021.03.30-02.22.03:409][  0]LogConfig: Setting CVar [[r.Shadow.CSM.MaxCascades:10]]
[2021.03.30-02.22.03:409][  0]LogConfig: Setting CVar [[r.Shadow.MaxResolution:2048]]
[2021.03.30-02.22.03:409][  0]LogConfig: Setting CVar [[r.Shadow.MaxCSMResolution:2048]]
[2021.03.30-02.22.03:409][  0]LogConfig: Setting CVar [[r.Shadow.RadiusThreshold:0.01]]
[2021.03.30-02.22.03:409][  0]LogConfig: Setting CVar [[r.Shadow.DistanceScale:1.0]]
[2021.03.30-02.22.03:409][  0]LogConfig: Setting CVar [[r.Shadow.CSM.TransitionScale:1.0]]
[2021.03.30-02.22.03:409][  0]LogConfig: Setting CVar [[r.Shadow.PreShadowResolutionFactor:1.0]]
[2021.03.30-02.22.03:409][  0]LogConfig: Setting CVar [[r.DistanceFieldShadowing:1]]
[2021.03.30-02.22.03:409][  0]LogConfig: Setting CVar [[r.DistanceFieldAO:1]]
[2021.03.30-02.22.03:409][  0]LogConfig: Setting CVar [[r.AOQuality:2]]
[2021.03.30-02.22.03:409][  0]LogConfig: Setting CVar [[r.VolumetricFog:1]]
[2021.03.30-02.22.03:409][  0]LogConfig: Setting CVar [[r.VolumetricFog.GridPixelSize:8]]
[2021.03.30-02.22.03:409][  0]LogConfig: Setting CVar [[r.VolumetricFog.GridSizeZ:128]]
[2021.03.30-02.22.03:409][  0]LogConfig: Setting CVar [[r.VolumetricFog.HistoryMissSupersampleCount:4]]
[2021.03.30-02.22.03:409][  0]LogConfig: Setting CVar [[r.LightMaxDrawDistanceScale:1]]
[2021.03.30-02.22.03:409][  0]LogConfig: Setting CVar [[r.CapsuleShadows:1]]
[2021.03.30-02.22.03:409][  0]LogConfig: Applying CVar settings from Section [PostProcessQuality@3] File [../../../AraneoArena/Saved/Config/WindowsNoEditor/Scalability.ini]
[2021.03.30-02.22.03:409][  0]LogConfig: Setting CVar [[r.MotionBlurQuality:4]]
[2021.03.30-02.22.03:409][  0]LogConfig: Setting CVar [[r.AmbientOcclusionMipLevelFactor:0.4]]
[2021.03.30-02.22.03:409][  0]LogConfig: Setting CVar [[r.AmbientOcclusionMaxQuality:100]]
[2021.03.30-02.22.03:409][  0]LogConfig: Setting CVar [[r.AmbientOcclusionLevels:-1]]
[2021.03.30-02.22.03:409][  0]LogConfig: Setting CVar [[r.AmbientOcclusionRadiusScale:1.0]]
[2021.03.30-02.22.03:409][  0]LogConfig: Setting CVar [[r.DepthOfFieldQuality:2]]
[2021.03.30-02.22.03:409][  0]LogConfig: Setting CVar [[r.RenderTargetPoolMin:400]]
[2021.03.30-02.22.03:409][  0]LogConfig: Setting CVar [[r.LensFlareQuality:2]]
[2021.03.30-02.22.03:409][  0]LogConfig: Setting CVar [[r.SceneColorFringeQuality:1]]
[2021.03.30-02.22.03:409][  0]LogConfig: Setting CVar [[r.EyeAdaptationQuality:2]]
[2021.03.30-02.22.03:409][  0]LogConfig: Setting CVar [[r.BloomQuality:5]]
[2021.03.30-02.22.03:409][  0]LogConfig: Setting CVar [[r.FastBlurThreshold:100]]
[2021.03.30-02.22.03:409][  0]LogConfig: Setting CVar [[r.Upscale.Quality:3]]
[2021.03.30-02.22.03:409][  0]LogConfig: Setting CVar [[r.Tonemapper.GrainQuantization:1]]
[2021.03.30-02.22.03:409][  0]LogConfig: Setting CVar [[r.LightShaftQuality:1]]
[2021.03.30-02.22.03:409][  0]LogConfig: Setting CVar [[r.Filter.SizeScale:1]]
[2021.03.30-02.22.03:409][  0]LogConfig: Setting CVar [[r.Tonemapper.Quality:5]]
[2021.03.30-02.22.03:409][  0]LogConfig: Setting CVar [[r.DOF.Gather.AccumulatorQuality:1        ; higher gathering accumulator quality]]
[2021.03.30-02.22.03:409][  0]LogConfig: Setting CVar [[r.DOF.Gather.PostfilterMethod:1          ; Median3x3 postfilering method]]
[2021.03.30-02.22.03:409][  0]LogConfig: Setting CVar [[r.DOF.Gather.EnableBokehSettings:0       ; no bokeh simulation when gathering]]
[2021.03.30-02.22.03:409][  0]LogConfig: Setting CVar [[r.DOF.Gather.RingCount:4                 ; medium number of samples when gathering]]
[2021.03.30-02.22.03:409][  0]LogConfig: Setting CVar [[r.DOF.Scatter.ForegroundCompositing:1    ; additive foreground scattering]]
[2021.03.30-02.22.03:409][  0]LogConfig: Setting CVar [[r.DOF.Scatter.BackgroundCompositing:2    ; additive background scattering]]
[2021.03.30-02.22.03:409][  0]LogConfig: Setting CVar [[r.DOF.Scatter.EnableBokehSettings:1      ; bokeh simulation when scattering]]
[2021.03.30-02.22.03:409][  0]LogConfig: Setting CVar [[r.DOF.Scatter.MaxSpriteRatio:0.1         ; only a maximum of 10% of scattered bokeh]]
[2021.03.30-02.22.03:409][  0]LogConfig: Setting CVar [[r.DOF.Recombine.Quality:1                ; cheap slight out of focus]]
[2021.03.30-02.22.03:409][  0]LogConfig: Setting CVar [[r.DOF.Recombine.EnableBokehSettings:0    ; no bokeh simulation on slight out of focus]]
[2021.03.30-02.22.03:409][  0]LogConfig: Setting CVar [[r.DOF.TemporalAAQuality:1                ; more stable temporal accumulation]]
[2021.03.30-02.22.03:409][  0]LogConfig: Setting CVar [[r.DOF.Kernel.MaxForegroundRadius:0.025]]
[2021.03.30-02.22.03:409][  0]LogConfig: Setting CVar [[r.DOF.Kernel.MaxBackgroundRadius:0.025]]
[2021.03.30-02.22.03:409][  0]LogConfig: Applying CVar settings from Section [TextureQuality@3] File [../../../AraneoArena/Saved/Config/WindowsNoEditor/Scalability.ini]
[2021.03.30-02.22.03:409][  0]LogConfig: Setting CVar [[r.Streaming.MipBias:0]]
[2021.03.30-02.22.03:409][  0]LogConfig: Setting CVar [[r.Streaming.AmortizeCPUToGPUCopy:0]]
[2021.03.30-02.22.03:409][  0]LogConfig: Setting CVar [[r.Streaming.MaxNumTexturesToStreamPerFrame:0]]
[2021.03.30-02.22.03:409][  0]LogConfig: Setting CVar [[r.Streaming.Boost:1]]
[2021.03.30-02.22.03:410][  0]LogConfig: Setting CVar [[r.MaxAnisotropy:8]]
[2021.03.30-02.22.03:410][  0]LogConfig: Setting CVar [[r.VT.MaxAnisotropy:8]]
[2021.03.30-02.22.03:410][  0]LogConfig: Setting CVar [[r.Streaming.LimitPoolSizeToVRAM:0]]
[2021.03.30-02.22.03:410][  0]LogConfig: Setting CVar [[r.Streaming.PoolSize:1000]]
[2021.03.30-02.22.03:410][  0]LogConfig: Setting CVar [[r.Streaming.MaxEffectiveScreenSize:0]]
[2021.03.30-02.22.03:410][  0]LogConfig: Applying CVar settings from Section [EffectsQuality@3] File [../../../AraneoArena/Saved/Config/WindowsNoEditor/Scalability.ini]
[2021.03.30-02.22.03:410][  0]LogConfig: Setting CVar [[r.TranslucencyLightingVolumeDim:64]]
[2021.03.30-02.22.03:410][  0]LogConfig: Setting CVar [[r.RefractionQuality:2]]
[2021.03.30-02.22.03:410][  0]LogConfig: Setting CVar [[r.SSR.Quality:3]]
[2021.03.30-02.22.03:410][  0]LogConfig: Setting CVar [[r.SSR.HalfResSceneColor:0]]
[2021.03.30-02.22.03:410][  0]LogConfig: Setting CVar [[r.SceneColorFormat:4]]
[2021.03.30-02.22.03:410][  0]LogConfig: Setting CVar [[r.DetailMode:2]]
[2021.03.30-02.22.03:410][  0]LogConfig: Setting CVar [[r.TranslucencyVolumeBlur:1]]
[2021.03.30-02.22.03:410][  0]LogConfig: Setting CVar [[r.MaterialQualityLevel:1 ; High quality]]
[2021.03.30-02.22.03:410][  0]LogConfig: Setting CVar [[r.SSS.Scale:1]]
[2021.03.30-02.22.03:410][  0]LogConfig: Setting CVar [[r.SSS.SampleSet:2]]
[2021.03.30-02.22.03:410][  0]LogConfig: Setting CVar [[r.SSS.Quality:1]]
[2021.03.30-02.22.03:410][  0]LogConfig: Setting CVar [[r.SSS.HalfRes:0]]
[2021.03.30-02.22.03:410][  0]LogConfig: Setting CVar [[r.SSGI.Quality:3]]
[2021.03.30-02.22.03:410][  0]LogConfig: Setting CVar [[r.EmitterSpawnRateScale:1.0]]
[2021.03.30-02.22.03:410][  0]LogConfig: Setting CVar [[r.ParticleLightQuality:2]]
[2021.03.30-02.22.03:410][  0]LogConfig: Setting CVar [[r.SkyAtmosphere.AerialPerspectiveLUT.FastApplyOnOpaque:1 ; Always have FastSkyLUT 1 in this case to avoid wrong sky]]
[2021.03.30-02.22.03:410][  0]LogConfig: Setting CVar [[r.SkyAtmosphere.AerialPerspectiveLUT.SampleCountPerSlice:1]]
[2021.03.30-02.22.03:410][  0]LogConfig: Setting CVar [[r.SkyAtmosphere.AerialPerspectiveLUT.DepthResolution:16.0]]
[2021.03.30-02.22.03:410][  0]LogConfig: Setting CVar [[r.SkyAtmosphere.FastSkyLUT:1]]
[2021.03.30-02.22.03:410][  0]LogConfig: Setting CVar [[r.SkyAtmosphere.FastSkyLUT.SampleCountMin:4.0]]
[2021.03.30-02.22.03:410][  0]LogConfig: Setting CVar [[r.SkyAtmosphere.FastSkyLUT.SampleCountMax:32.0]]
[2021.03.30-02.22.03:410][  0]LogConfig: Setting CVar [[r.SkyAtmosphere.SampleCountMin:4.0]]
[2021.03.30-02.22.03:410][  0]LogConfig: Setting CVar [[r.SkyAtmosphere.SampleCountMax:32.0]]
[2021.03.30-02.22.03:410][  0]LogConfig: Setting CVar [[r.SkyAtmosphere.TransmittanceLUT.UseSmallFormat:0]]
[2021.03.30-02.22.03:410][  0]LogConfig: Setting CVar [[r.SkyAtmosphere.TransmittanceLUT.SampleCount:10.0]]
[2021.03.30-02.22.03:410][  0]LogConfig: Setting CVar [[r.SkyAtmosphere.MultiScatteringLUT.SampleCount:15.0]]
[2021.03.30-02.22.03:410][  0]LogConfig: Setting CVar [[fx.Niagara.QualityLevel:3]]
[2021.03.30-02.22.03:410][  0]LogConfig: Applying CVar settings from Section [FoliageQuality@3] File [../../../AraneoArena/Saved/Config/WindowsNoEditor/Scalability.ini]
[2021.03.30-02.22.03:410][  0]LogConfig: Setting CVar [[foliage.DensityScale:1.0]]
[2021.03.30-02.22.03:410][  0]LogConfig: Setting CVar [[grass.DensityScale:1.0]]
[2021.03.30-02.22.03:410][  0]LogConfig: Applying CVar settings from Section [ShadingQuality@3] File [../../../AraneoArena/Saved/Config/WindowsNoEditor/Scalability.ini]
[2021.03.30-02.22.03:410][  0]LogConfig: Setting CVar [[r.HairStrands.SkyLighting.SampleCount:16]]
[2021.03.30-02.22.03:410][  0]LogConfig: Setting CVar [[r.HairStrands.SkyLighting.JitterIntegration:0]]
[2021.03.30-02.22.03:410][  0]LogConfig: Setting CVar [[r.HairStrands.SkyAO.SampleCount:16]]
[2021.03.30-02.22.03:410][  0]LogConfig: Setting CVar [[r.HairStrands.DeepShadow.SuperSampling:0]]
[2021.03.30-02.22.03:410][  0]LogConfig: Setting CVar [[r.HairStrands.VisibilityPPLL:0]]
[2021.03.30-02.22.03:410][  0]LogConfig: Setting CVar [[r.HairStrands.RasterizationScale:0.5]]
[2021.03.30-02.22.03:410][  0]LogConfig: Setting CVar [[r.HairStrands.VelocityRasterizationScale:1]]
[2021.03.30-02.22.03:410][  0]LogConfig: Applying CVar settings from Section [Startup] File [../../../Engine/Config/ConsoleVariables.ini]
[2021.03.30-02.22.03:410][  0]LogConfig: Setting CVar [[net.UseAdaptiveNetUpdateFrequency:0]]
[2021.03.30-02.22.03:410][  0]LogConfig: Setting CVar [[p.chaos.AllowCreatePhysxBodies:1]]
[2021.03.30-02.22.03:410][  0]LogConfig: Setting CVar [[fx.SkipVectorVMBackendOptimizations:1]]
[2021.03.30-02.22.03:410][  0]LogConfig: Applying CVar settings from Section [ConsoleVariables] File [../../../AraneoArena/Saved/Config/WindowsNoEditor/Engine.ini]
[2021.03.30-02.22.03:411][  0]LogInit: Computer: LAPTOP-E3U9U9DK
[2021.03.30-02.22.03:411][  0]LogInit: User: dpeac
[2021.03.30-02.22.03:411][  0]LogInit: CPU Page size=4096, Cores=6
[2021.03.30-02.22.03:411][  0]LogInit: High frequency timer resolution =10.000000 MHz
[2021.03.30-02.22.03:411][  0]LogMemory: Memory total: Physical=31.9GB (32GB approx)
[2021.03.30-02.22.03:411][  0]LogMemory: Platform Memory Stats for WindowsNoEditor
[2021.03.30-02.22.03:411][  0]LogMemory: Process Physical Memory: 66.23 MB used, 66.23 MB peak
[2021.03.30-02.22.03:411][  0]LogMemory: Process Virtual Memory: 73.59 MB used, 73.59 MB peak
[2021.03.30-02.22.03:411][  0]LogMemory: Physical Memory: 15177.85 MB used,  17509.45 MB free, 32687.30 MB total
[2021.03.30-02.22.03:411][  0]LogMemory: Virtual Memory: 4939.67 MB used,  134212792.00 MB free, 134217728.00 MB total
[2021.03.30-02.22.03:415][  0]LogWindows: WindowsPlatformFeatures enabled
[2021.03.30-02.22.03:448][  0]LogInit: Physics initialised using underlying interface: PhysX
[2021.03.30-02.22.03:448][  0]LogInit: Using OS detected language (en-US).
[2021.03.30-02.22.03:448][  0]LogInit: Using OS detected locale (en-US).
[2021.03.30-02.22.03:449][  0]LogTextLocalizationManager: No specific localization for 'en-US' exists, so the 'en' localization will be used.
[2021.03.30-02.22.03:487][  0]LogSlate: New Slate User Created.  User Index 0, Is Virtual User: 0
[2021.03.30-02.22.03:487][  0]LogSlate: Slate User Registered.  User Index 0, Is Virtual User: 0
[2021.03.30-02.22.03:505][  0]LogHMD: Failed to initialize OpenVR with code 110
[2021.03.30-02.22.03:505][  0]LogD3D11RHI: D3D11 min allowed feature level: 11_0
[2021.03.30-02.22.03:505][  0]LogD3D11RHI: D3D11 max allowed feature level: 11_0
[2021.03.30-02.22.03:505][  0]LogD3D11RHI: D3D11 adapters:
[2021.03.30-02.22.03:626][  0]LogD3D11RHI:    0. 'NVIDIA GeForce RTX 2080 with Max-Q Design' (Feature Level 11_0)
[2021.03.30-02.22.03:626][  0]LogD3D11RHI:       8010/0/16343 MB DedicatedVideo/DedicatedSystem/SharedSystem, Outputs:3, VendorId:0x10de
[2021.03.30-02.22.03:628][  0]LogD3D11RHI:    1. 'Microsoft Basic Render Driver' (Feature Level 11_0)
[2021.03.30-02.22.03:628][  0]LogD3D11RHI:       0/0/16343 MB DedicatedVideo/DedicatedSystem/SharedSystem, Outputs:0, VendorId:0x1414
[2021.03.30-02.22.03:628][  0]LogD3D11RHI: Chosen D3D11 Adapter: 0
[2021.03.30-02.22.03:637][  0]LogD3D11RHI: Creating new Direct3DDevice
[2021.03.30-02.22.03:637][  0]LogD3D11RHI:     GPU DeviceId: 0x1ed0 (for the marketing name, search the web for "GPU Device Id")
[2021.03.30-02.22.03:637][  0]LogWindows: EnumDisplayDevices:
[2021.03.30-02.22.03:637][  0]LogWindows:    0. 'NVIDIA GeForce RTX 2080 with Max-Q Design' (P:1 D:1)
[2021.03.30-02.22.03:638][  0]LogWindows:    1. 'NVIDIA GeForce RTX 2080 with Max-Q Design' (P:0 D:1)
[2021.03.30-02.22.03:638][  0]LogWindows:    2. 'NVIDIA GeForce RTX 2080 with Max-Q Design' (P:0 D:1)
[2021.03.30-02.22.03:638][  0]LogWindows:    3. 'NVIDIA GeForce RTX 2080 with Max-Q Design' (P:0 D:0)
[2021.03.30-02.22.03:638][  0]LogWindows: DebugString: FoundDriverCount:4 
[2021.03.30-02.22.03:638][  0]LogD3D11RHI:     Adapter Name: NVIDIA GeForce RTX 2080 with Max-Q Design
[2021.03.30-02.22.03:638][  0]LogD3D11RHI:   Driver Version: 460.79 (internal:27.21.14.6079, unified:460.79)
[2021.03.30-02.22.03:638][  0]LogD3D11RHI:      Driver Date: 12-3-2020
[2021.03.30-02.22.03:638][  0]LogRHI: Texture pool is 5607 MB (70% of 8010 MB)
[2021.03.30-02.22.03:732][  0]LogD3D11RHI: RHI has support for 64 bit atomics
[2021.03.30-02.22.03:732][  0]LogD3D11RHI: Async texture creation enabled
[2021.03.30-02.22.03:732][  0]LogD3D11RHI: Array index from any shader is supported
[2021.03.30-02.22.03:776][  0]LogD3D11RHI: GPU Timing Frequency: 1000.000000 (Debug: 2 1)
[2021.03.30-02.22.03:776][  0]LogShaderLibrary: Display: Using ../../../AraneoArena/Content/ShaderArchive-Global-PCD3D_SM5.ushaderbytecode for material shader code. Total 2058 unique shaders.
[2021.03.30-02.22.03:776][  0]LogShaderLibrary: Display: Cooked Context: Using Shared Shader Library Global
[2021.03.30-02.22.03:778][  0]LogTemp: Warning: Clearing the OS Cache
[2021.03.30-02.22.03:783][  0]LogPakFile: New pak file ../../../AraneoArena/Content/Paks/AraneoArena-WindowsNoEditor.pak added to pak precacher.
[2021.03.30-02.22.03:800][  0]LogSlate: Using FreeType 2.10.0
[2021.03.30-02.22.03:801][  0]LogSlate: SlateFontServices - WITH_FREETYPE: 1, WITH_HARFBUZZ: 1
[2021.03.30-02.22.03:836][  0]LogShaderLibrary: Display: Using ../../../AraneoArena/Content/ShaderArchive-AraneoArena-PCD3D_SM5.ushaderbytecode for material shader code. Total 1319 unique shaders.
[2021.03.30-02.22.03:836][  0]LogShaderLibrary: Display: Cooked Context: Using Shared Shader Library AraneoArena
[2021.03.30-02.22.03:836][  0]LogRHI: Display: Opened pipeline cache after state change and enqueued 0 of 0 tasks for precompile.
[2021.03.30-02.22.03:836][  0]LogRHI: Display: Failed to open default shader pipeline cache for AraneoArena using shader platform 0.
[2021.03.30-02.22.03:836][  0]LogRHI: Display: Failed to open default shader pipeline cache for AraneoArena using shader platform 0.
[2021.03.30-02.22.03:836][  0]LogInit: Using OS detected language (en-US).
[2021.03.30-02.22.03:836][  0]LogInit: Using OS detected locale (en-US).
[2021.03.30-02.22.03:836][  0]LogTextLocalizationManager: No localization for 'en-US' exists, so 'en' will be used for the language.
[2021.03.30-02.22.03:836][  0]LogTextLocalizationManager: No localization for 'en-US' exists, so 'en' will be used for the locale.
[2021.03.30-02.22.03:837][  0]LogSlate: FontCache flush requested. Reason: Culture for localization was changed
[2021.03.30-02.22.03:837][  0]LogSlate: FontCache flush requested. Reason: Culture for localization was changed
[2021.03.30-02.22.03:838][  0]LogTextLocalizationManager: Compacting localization data took   0.52ms
[2021.03.30-02.22.03:845][  0]LogAssetRegistry: FAssetRegistry took 0.0058 seconds to start up
[2021.03.30-02.22.04:001][  0]LogStreaming: Display: Flushing async loaders.
[2021.03.30-02.22.04:004][  0]LogPackageLocalizationCache: Processed 18 localized package path(s) for 1 prioritized culture(s) in 0.000594 seconds
[2021.03.30-02.22.04:026][  0]LogInit: Selected Device Profile: [WindowsNoEditor]
[2021.03.30-02.22.04:071][  0]LogNetVersion: AraneoArena 1.0.0, NetCL: 13144385, EngineNetVer: 14, GameNetVer: 0 (Checksum: 3892368670)
[2021.03.30-02.22.04:157][  0]LogAudioCaptureCore: Display: No Audio Capture implementations found. Audio input will be silent.
[2021.03.30-02.22.04:157][  0]LogAudioCaptureCore: Display: No Audio Capture implementations found. Audio input will be silent.
[2021.03.30-02.22.04:208][  0]LogAISub: UAISubsystem::UAISubsystem AISubsystem (000002575AE36340), frame # 0
[2021.03.30-02.22.04:208][  0]LogAISub: UAISubsystem::UAISubsystem AIPerceptionSystem (000002575A18B640), frame # 0
[2021.03.30-02.22.04:213][  0]LogAISub: UAISubsystem::UAISubsystem EnvQueryManager (000002575A08DE00), frame # 0
[2021.03.30-02.22.04:257][  0]LogMoviePlayer: Initializing movie player
[2021.03.30-02.22.04:261][  0]LogSteamShared: Display: Loading Steam SDK 1.47
[2021.03.30-02.22.04:262][  0]LogSteamShared: Steam SDK Loaded!
[2021.03.30-02.22.04:278][  0]LogAndroidPermission: UAndroidPermissionCallbackProxy::GetInstance
[2021.03.30-02.22.04:279][  0]LogOcInput: OculusInput pre-init called
[2021.03.30-02.22.04:282][  0]LogUObjectArray: 14411 objects as part of root set at end of initial load.
[2021.03.30-02.22.04:283][  0]LogUObjectArray: 2 objects are not in the root set, but can never be destroyed because they are in the DisregardForGC set.
[2021.03.30-02.22.04:283][  0]LogUObjectAllocator: 2914232 out of 0 bytes used by permanent object pool.
[2021.03.30-02.22.04:283][  0]LogUObjectArray: CloseDisregardForGC: 14411/14411 objects in disregard for GC pool
[2021.03.30-02.22.04:286][  0]LogEngine: Initializing Engine...
[2021.03.30-02.22.04:290][  0]LogHMD: Failed to initialize OpenVR with code 110
[2021.03.30-02.22.04:292][  0]LogStats: UGameplayTagsManager::InitializeManager -  0.001 s
[2021.03.30-02.22.04:354][  0]LogInit: Initializing FReadOnlyCVARCache
[2021.03.30-02.22.04:356][  0]LogAudioMixer: Display: Audio Mixer Platform Settings:
[2021.03.30-02.22.04:356][  0]LogAudioMixer: Display: 	Sample Rate:						  48000
[2021.03.30-02.22.04:356][  0]LogAudioMixer: Display: 	Callback Buffer Frame Size Requested: 1024
[2021.03.30-02.22.04:356][  0]LogAudioMixer: Display: 	Callback Buffer Frame Size To Use:	  1024
[2021.03.30-02.22.04:356][  0]LogAudioMixer: Display: 	Number of buffers to queue:			  2
[2021.03.30-02.22.04:356][  0]LogAudioMixer: Display: 	Max Channels (voices):				  32
[2021.03.30-02.22.04:356][  0]LogAudioMixer: Display: 	Number of Async Source Workers:		  0
[2021.03.30-02.22.04:356][  0]LogAudio: Display: AudioDevice MaxSources: 32
[2021.03.30-02.22.04:357][  0]LogAudio: Display: Using built-in audio occlusion.
[2021.03.30-02.22.04:357][  0]LogAudioMixer: Display: Initializing audio mixer.
[2021.03.30-02.22.04:404][  0]LogAudioDebug: Display: Lib vorbis DLL was dynamically loaded.
[2021.03.30-02.22.04:416][  0]LogAudioMixer: Display: 0: FrontLeft
[2021.03.30-02.22.04:416][  0]LogAudioMixer: Display: 1: FrontRight
[2021.03.30-02.22.04:447][  0]LogAudioMixer: Display: Using Audio Device Speakers (Realtek(R) Audio)
[2021.03.30-02.22.04:448][  0]LogAudioMixer: Display: Initializing Sound Submixes...
[2021.03.30-02.22.04:449][  0]LogAudioMixer: Display: Creating Master Submix 'MasterSubmixDefault'
[2021.03.30-02.22.04:449][  0]LogAudioMixer: Display: Creating Master Submix 'MasterReverbSubmixDefault'
[2021.03.30-02.22.04:450][  0]LogAudioMixer: Display: Creating Master Submix 'MasterEQSubmixDefault'
[2021.03.30-02.22.04:451][  0]LogInit: FAudioDevice initialized.
[2021.03.30-02.22.04:452][  0]LogNetVersion: Set ProjectVersion to 1.0.0.0. Version Checksum will be recalculated on next use.
[2021.03.30-02.22.04:452][  0]LogInit: Texture streaming: Enabled
[2021.03.30-02.22.04:490][  0]LogSlate: Updating window title bar state: overlay mode, drag disabled, window buttons hidden, title bar hidden
[2021.03.30-02.22.04:492][  0]LogInit: Display: Game Engine Initialized.
[2021.03.30-02.22.04:494][  0]LogInit: Display: Starting Game.
[2021.03.30-02.22.04:494][  0]LogNet: Browse: /Game/Maps/MenuSystem?Name=Player
[2021.03.30-02.22.04:494][  0]LogLoad: LoadMap: /Game/Maps/MenuSystem?Name=Player
[2021.03.30-02.22.04:495][  0]LogWorld: BeginTearingDown for /Temp/Untitled_0
[2021.03.30-02.22.04:499][  0]LogWorld: UWorld::CleanupWorld for Untitled, bSessionEnded=true, bCleanupResources=true
[2021.03.30-02.22.04:500][  0]LogSlate: InvalidateAllWidgets triggered.  All widgets were invalidated
[2021.03.30-02.22.04:508][  0]LogUObjectHash: Compacting FUObjectHashTables data took   0.74ms
[2021.03.30-02.22.04:532][  0]LogAIModule: Creating AISystem for world MenuSystem
[2021.03.30-02.22.04:532][  0]LogAISub: UAISubsystem::UAISubsystem EnvQueryManager (00000257491FC200), frame # 0
[2021.03.30-02.22.04:533][  0]LogAISub: UAISubsystem::UAISubsystem AIPerceptionSystem (000002575A18D800), frame # 0
[2021.03.30-02.22.04:533][  0]LogLoad: Game class is 'GM_MenuSystem_C'
[2021.03.30-02.22.04:544][  0]LogWorld: Bringing World /Game/Maps/MenuSystem.MenuSystem up for play (max tick rate 0) at 2021.03.29-22.22.04
[2021.03.30-02.22.04:545][  0]LogWorld: Bringing up level for play took: 0.009879
[2021.03.30-02.22.04:550][  0]LogGameMode: Display: Match State Changed from EnteringMap to WaitingToStart
[2021.03.30-02.22.04:550][  0]LogGameState: Match State Changed from EnteringMap to WaitingToStart
[2021.03.30-02.22.04:550][  0]LogGameMode: Display: Match State Changed from WaitingToStart to InProgress
[2021.03.30-02.22.04:554][  0]r.SetRes = "1280x720w"
[2021.03.30-02.22.04:555][  0]net.MaxPlayersOverride = "4"
[2021.03.30-02.22.04:555][  0]LogUMG: Display: Widget Class MainMenu_C - Loaded Fast Template.
[2021.03.30-02.22.04:560][  0]LogPlayerController: Error: InputMode:UIOnly - Attempting to focus Non-Focusable widget SObjectWidget [Widget.cpp(799)]!
[2021.03.30-02.22.04:560][  0]LogBlueprintUserMessages: [PS_MenuSystem_C_2147482557] Steam Online Subsystem is not present
[2021.03.30-02.22.04:560][  0]LogGameState: Match State Changed from WaitingToStart to InProgress
[2021.03.30-02.22.04:561][  0]LogLoad: Took 0.065880 seconds to LoadMap(/Game/Maps/MenuSystem)
[2021.03.30-02.22.04:578][  0]LogSlate: Took 0.000934 seconds to synchronously load lazily loaded font '../../../Engine/Content/EngineFonts/Faces/RobotoBold.ufont' (160K)
[2021.03.30-02.22.04:580][  0]LogSlate: Took 0.001104 seconds to synchronously load lazily loaded font '../../../Engine/Content/EngineFonts/Faces/RobotoRegular.ufont' (155K)
[2021.03.30-02.22.04:629][  0]LogSlate: Took 0.000976 seconds to synchronously load lazily loaded font '../../../Engine/Content/Slate/Fonts/Roboto-Regular.ttf' (155K)
[2021.03.30-02.22.04:650][  0]LogRenderer: Reallocating scene render targets to support 1280x720 Format 10 NumSamples 1 (Frame:1).
[2021.03.30-02.22.04:650][  0]LogRHI: Display: ShaderPipelineCache: Paused Batching. 1
[2021.03.30-02.22.04:650][  0]LogRHI: Display: ShaderPipelineCache: Resumed Batching. 0
[2021.03.30-02.22.04:650][  0]LogRHI: Display: ShaderPipelineCache: Batching Resumed.
[2021.03.30-02.22.04:650][  0]LogLoad: (Engine Initialization) Total time: 1.54 seconds
[2021.03.30-02.22.04:694][  0]LogContentStreaming: Texture pool size now 1000 MB
[2021.03.30-02.22.04:701][  0]LogSlate: InvalidateAllWidgets triggered.  All widgets were invalidated
[2021.03.30-02.22.04:720][  0]LogSlate: Slate font cache was flushed
[2021.03.30-02.22.04:724][  1]LogSlate: Took 0.000826 seconds to synchronously load lazily loaded font '../../../Engine/Content/Slate/Fonts/Roboto-Regular.ttf' (155K)
[2021.03.30-02.22.04:727][  1]LogSlate: Took 0.000905 seconds to synchronously load lazily loaded font '../../../Engine/Content/EngineFonts/Faces/RobotoBold.ufont' (160K)
[2021.03.30-02.22.04:728][  1]LogSlate: Took 0.000731 seconds to synchronously load lazily loaded font '../../../Engine/Content/EngineFonts/Faces/RobotoRegular.ufont' (155K)
[2021.03.30-02.22.06:324][857]LogUMG: Display: Widget Class ProfileMenu_C - Loaded Fast Template.
[2021.03.30-02.22.06:326][857]LogPlayerController: Error: InputMode:UIOnly - Attempting to focus Non-Focusable widget SObjectWidget [Widget.cpp(799)]!
[2021.03.30-02.22.06:329][857]LogSlate: Took 0.001038 seconds to synchronously load lazily loaded font '../../../Engine/Content/EngineFonts/Faces/RobotoLight.ufont' (167K)
[2021.03.30-02.22.08:868][297]LogPlayerController: Error: InputMode:UIOnly - Attempting to focus Non-Focusable widget SObjectWidget [Widget.cpp(799)]!
[2021.03.30-02.22.10:442][201]LogUMG: Display: Widget Class PlayMenu_C - Loaded Fast Template.
[2021.03.30-02.22.10:443][201]LogPlayerController: Error: InputMode:UIOnly - Attempting to focus Non-Focusable widget SObjectWidget [Widget.cpp(799)]!
[2021.03.30-02.22.10:837][424]LogUMG: Display: Widget Class HostConfigMenu_C - Loaded Fast Template.
[2021.03.30-02.22.10:837][424]LogPlayerController: Error: InputMode:UIOnly - Attempting to focus Non-Focusable widget SObjectWidget [Widget.cpp(799)]!
[2021.03.30-02.22.12:633][437]LogGameMode: Display: Match State Changed from InProgress to LeavingMap
[2021.03.30-02.22.12:633][437]LogGameState: Match State Changed from InProgress to LeavingMap
[2021.03.30-02.22.12:633][437]LogNet: Browse: /Game/Maps/Lobby??listen
[2021.03.30-02.22.12:633][437]LogLoad: LoadMap: /Game/Maps/Lobby??listen
[2021.03.30-02.22.12:633][437]LogWorld: BeginTearingDown for /Game/Maps/MenuSystem
[2021.03.30-02.22.12:634][437]LogWorld: UWorld::CleanupWorld for MenuSystem, bSessionEnded=true, bCleanupResources=true
[2021.03.30-02.22.12:634][437]LogSlate: InvalidateAllWidgets triggered.  All widgets were invalidated
[2021.03.30-02.22.12:670][437]LogAudio: Display: Waited 35.015800 ms for audio thread.
[2021.03.30-02.22.12:670][437]LogAudio: Display: Waited 35.142399 ms for audio thread.
[2021.03.30-02.22.12:674][437]LogAISub: UAISubsystem::~UAISubsystem EnvQueryManager (00000257491FC200), frame # 4437
[2021.03.30-02.22.12:674][437]LogAISub: UAISubsystem::~UAISubsystem AIPerceptionSystem (000002575A18D800), frame # 4437
[2021.03.30-02.22.12:676][437]LogUObjectHash: Compacting FUObjectHashTables data took   0.55ms
[2021.03.30-02.22.12:676][437]LogStreaming: Display: Flushing async loaders.
[2021.03.30-02.22.12:698][437]LogAIModule: Creating AISystem for world Lobby
[2021.03.30-02.22.12:698][437]LogAISub: UAISubsystem::UAISubsystem EnvQueryManager (000002575B455A00), frame # 4437
[2021.03.30-02.22.12:698][437]LogAISub: UAISubsystem::UAISubsystem AIPerceptionSystem (000002572FD1E5C0), frame # 4437
[2021.03.30-02.22.12:698][437]LogLoad: Game class is 'GM_Lobby_C'
[2021.03.30-02.22.12:700][437]LogNet: ReplicationDriverClass is null! Not using ReplicationDriver.
[2021.03.30-02.22.12:700][437]LogNetCore: DDoS detection status: detection enabled: 0 analytics enabled: 0
[2021.03.30-02.22.12:700][437]LogInit: WinSock: Socket queue. Rx: 131072 (config 131072) Tx: 131072 (config 131072)
[2021.03.30-02.22.12:700][437]LogNet: Created socket for bind address: 0.0.0.0 on port 7777
[2021.03.30-02.22.12:700][437]PacketHandlerLog: Loaded PacketHandler component: Engine.EngineHandlerComponentFactory (StatelessConnectHandlerComponent)
[2021.03.30-02.22.12:701][437]LogNet: GameNetDriver IpNetDriver_2147482515 IpNetDriver listening on port 7777
[2021.03.30-02.22.12:702][437]LogWorld: Bringing World /Game/Maps/Lobby.Lobby up for play (max tick rate 0) at 2021.03.29-22.22.12
[2021.03.30-02.22.12:702][437]LogWorld: Bringing up level for play took: 0.000907
[2021.03.30-02.22.12:703][437]LogGameMode: Display: Match State Changed from EnteringMap to WaitingToStart
[2021.03.30-02.22.12:703][437]LogUMG: Display: Widget Class RootHUD_C - Loaded Fast Template.
[2021.03.30-02.22.12:705][437]LogBlueprintUserMessages: [RootHUD_C_2147482487] 
[2021.03.30-02.22.12:705][437]LogScript: Warning: Accessed None trying to read property GSRef
	GM_Lobby_C /Game/Maps/Lobby.Lobby:PersistentLevel.GM_Lobby_C_2147482516
	Function /Game/_Source/Lobby/GM_Lobby.GM_Lobby_C:ExecuteUbergraph_GM_Lobby:09DF
[2021.03.30-02.22.12:705][437]LogScript: Warning: Script call stack:
	Function /Game/Maps/Lobby.Lobby_C:ReceiveBeginPlay
	Function /Game/Maps/Lobby.Lobby_C:ExecuteUbergraph_Lobby
	Function /Game/Maps/Lobby.Lobby_C:SendTargetPointsToGM
	Function /Game/Maps/Lobby.Lobby_C:ExecuteUbergraph_Lobby
	Function /Game/_Source/Lobby/GM_Lobby.GM_Lobby_C:LoadSpawnPoints
	Function /Game/_Source/Lobby/GM_Lobby.GM_Lobby_C:ExecuteUbergraph_GM_Lobby

[2021.03.30-02.22.12:705][437]LogScript: Warning: Accessed None
	GM_Lobby_C /Game/Maps/Lobby.Lobby:PersistentLevel.GM_Lobby_C_2147482516
	Function /Game/_Source/Lobby/GM_Lobby.GM_Lobby_C:ExecuteUbergraph_GM_Lobby:09C0
[2021.03.30-02.22.12:705][437]LogScript: Warning: Script call stack:
	Function /Game/Maps/Lobby.Lobby_C:ReceiveBeginPlay
	Function /Game/Maps/Lobby.Lobby_C:ExecuteUbergraph_Lobby
	Function /Game/Maps/Lobby.Lobby_C:SendTargetPointsToGM
	Function /Game/Maps/Lobby.Lobby_C:ExecuteUbergraph_Lobby
	Function /Game/_Source/Lobby/GM_Lobby.GM_Lobby_C:LoadSpawnPoints
	Function /Game/_Source/Lobby/GM_Lobby.GM_Lobby_C:ExecuteUbergraph_GM_Lobby

[2021.03.30-02.22.12:705][437]LogScript: Warning: Accessed None trying to read property GSRef
	GM_Lobby_C /Game/Maps/Lobby.Lobby:PersistentLevel.GM_Lobby_C_2147482516
	Function /Game/_Source/Lobby/GM_Lobby.GM_Lobby_C:ExecuteUbergraph_GM_Lobby:09DF
[2021.03.30-02.22.12:705][437]LogScript: Warning: Script call stack:
	Function /Game/Maps/Lobby.Lobby_C:ReceiveBeginPlay
	Function /Game/Maps/Lobby.Lobby_C:ExecuteUbergraph_Lobby
	Function /Game/Maps/Lobby.Lobby_C:SendTargetPointsToGM
	Function /Game/Maps/Lobby.Lobby_C:ExecuteUbergraph_Lobby
	Function /Game/_Source/Lobby/GM_Lobby.GM_Lobby_C:LoadSpawnPoints
	Function /Game/_Source/Lobby/GM_Lobby.GM_Lobby_C:ExecuteUbergraph_GM_Lobby

[2021.03.30-02.22.12:705][437]LogScript: Warning: Accessed None
	GM_Lobby_C /Game/Maps/Lobby.Lobby:PersistentLevel.GM_Lobby_C_2147482516
	Function /Game/_Source/Lobby/GM_Lobby.GM_Lobby_C:ExecuteUbergraph_GM_Lobby:09C0
[2021.03.30-02.22.12:706][437]LogScript: Warning: Script call stack:
	Function /Game/Maps/Lobby.Lobby_C:ReceiveBeginPlay
	Function /Game/Maps/Lobby.Lobby_C:ExecuteUbergraph_Lobby
	Function /Game/Maps/Lobby.Lobby_C:SendTargetPointsToGM
	Function /Game/Maps/Lobby.Lobby_C:ExecuteUbergraph_Lobby
	Function /Game/_Source/Lobby/GM_Lobby.GM_Lobby_C:LoadSpawnPoints
	Function /Game/_Source/Lobby/GM_Lobby.GM_Lobby_C:ExecuteUbergraph_GM_Lobby

[2021.03.30-02.22.12:706][437]LogScript: Warning: Accessed None trying to read property GSRef
	GM_Lobby_C /Game/Maps/Lobby.Lobby:PersistentLevel.GM_Lobby_C_2147482516
	Function /Game/_Source/Lobby/GM_Lobby.GM_Lobby_C:ExecuteUbergraph_GM_Lobby:09DF
[2021.03.30-02.22.12:706][437]LogScript: Warning: Script call stack:
	Function /Game/Maps/Lobby.Lobby_C:ReceiveBeginPlay
	Function /Game/Maps/Lobby.Lobby_C:ExecuteUbergraph_Lobby
	Function /Game/Maps/Lobby.Lobby_C:SendTargetPointsToGM
	Function /Game/Maps/Lobby.Lobby_C:ExecuteUbergraph_Lobby
	Function /Game/_Source/Lobby/GM_Lobby.GM_Lobby_C:LoadSpawnPoints
	Function /Game/_Source/Lobby/GM_Lobby.GM_Lobby_C:ExecuteUbergraph_GM_Lobby

[2021.03.30-02.22.12:706][437]LogScript: Warning: Accessed None
	GM_Lobby_C /Game/Maps/Lobby.Lobby:PersistentLevel.GM_Lobby_C_2147482516
	Function /Game/_Source/Lobby/GM_Lobby.GM_Lobby_C:ExecuteUbergraph_GM_Lobby:09C0
[2021.03.30-02.22.12:706][437]LogScript: Warning: Script call stack:
	Function /Game/Maps/Lobby.Lobby_C:ReceiveBeginPlay
	Function /Game/Maps/Lobby.Lobby_C:ExecuteUbergraph_Lobby
	Function /Game/Maps/Lobby.Lobby_C:SendTargetPointsToGM
	Function /Game/Maps/Lobby.Lobby_C:ExecuteUbergraph_Lobby
	Function /Game/_Source/Lobby/GM_Lobby.GM_Lobby_C:LoadSpawnPoints
	Function /Game/_Source/Lobby/GM_Lobby.GM_Lobby_C:ExecuteUbergraph_GM_Lobby

[2021.03.30-02.22.12:706][437]LogScript: Warning: Accessed None trying to read property GSRef
	GM_Lobby_C /Game/Maps/Lobby.Lobby:PersistentLevel.GM_Lobby_C_2147482516
	Function /Game/_Source/Lobby/GM_Lobby.GM_Lobby_C:ExecuteUbergraph_GM_Lobby:09DF
[2021.03.30-02.22.12:706][437]LogScript: Warning: Script call stack:
	Function /Game/Maps/Lobby.Lobby_C:ReceiveBeginPlay
	Function /Game/Maps/Lobby.Lobby_C:ExecuteUbergraph_Lobby
	Function /Game/Maps/Lobby.Lobby_C:SendTargetPointsToGM
	Function /Game/Maps/Lobby.Lobby_C:ExecuteUbergraph_Lobby
	Function /Game/_Source/Lobby/GM_Lobby.GM_Lobby_C:LoadSpawnPoints
	Function /Game/_Source/Lobby/GM_Lobby.GM_Lobby_C:ExecuteUbergraph_GM_Lobby

[2021.03.30-02.22.12:706][437]LogScript: Warning: Accessed None
	GM_Lobby_C /Game/Maps/Lobby.Lobby:PersistentLevel.GM_Lobby_C_2147482516
	Function /Game/_Source/Lobby/GM_Lobby.GM_Lobby_C:ExecuteUbergraph_GM_Lobby:09C0
[2021.03.30-02.22.12:706][437]LogScript: Warning: Script call stack:
	Function /Game/Maps/Lobby.Lobby_C:ReceiveBeginPlay
	Function /Game/Maps/Lobby.Lobby_C:ExecuteUbergraph_Lobby
	Function /Game/Maps/Lobby.Lobby_C:SendTargetPointsToGM
	Function /Game/Maps/Lobby.Lobby_C:ExecuteUbergraph_Lobby
	Function /Game/_Source/Lobby/GM_Lobby.GM_Lobby_C:LoadSpawnPoints
	Function /Game/_Source/Lobby/GM_Lobby.GM_Lobby_C:ExecuteUbergraph_GM_Lobby

[2021.03.30-02.22.12:706][437]LogGameState: Match State Changed from EnteringMap to WaitingToStart
[2021.03.30-02.22.12:706][437]LogLoad: Took 0.073617 seconds to LoadMap(/Game/Maps/Lobby)
[2021.03.30-02.22.20:175][781]LogGameMode: Display: Match State Changed from WaitingToStart to LeavingMap
[2021.03.30-02.22.20:175][781]LogGameState: Match State Changed from WaitingToStart to LeavingMap
[2021.03.30-02.22.20:175][781]LogNet: Browse: /Game/Maps/MenuSystem
[2021.03.30-02.22.20:175][781]LogLoad: LoadMap: /Game/Maps/MenuSystem
[2021.03.30-02.22.20:175][781]LogWorld: BeginTearingDown for /Game/Maps/Lobby
[2021.03.30-02.22.20:175][781]LogNet: World NetDriver shutdown IpNetDriver_2147482515 [GameNetDriver]
[2021.03.30-02.22.20:175][781]LogNet: DestroyNamedNetDriver IpNetDriver_2147482515 [GameNetDriver]
[2021.03.30-02.22.20:176][781]LogExit: GameNetDriver IpNetDriver_2147482515 shut down
[2021.03.30-02.22.20:176][781]LogScript: Warning: Attempted to access index -1 from array SpawnPoints of length 0!
	GM_Lobby_C /Game/Maps/Lobby.Lobby:PersistentLevel.GM_Lobby_C_2147482516
	Function /Game/_Source/Lobby/GM_Lobby.GM_Lobby_C:ExecuteUbergraph_GM_Lobby:0BD8
[2021.03.30-02.22.20:176][781]LogScript: Warning: Script call stack:
	Function /Game/_Source/Lobby/GM_Lobby.GM_Lobby_C:K2_OnLogout
	Function /Game/_Source/Lobby/GM_Lobby.GM_Lobby_C:ExecuteUbergraph_GM_Lobby

[2021.03.30-02.22.20:176][781]LogScript: Warning: Accessed None reading structure InUse_5_B8F632BF4B6156783B6254B6B85E3C8D
	GM_Lobby_C /Game/Maps/Lobby.Lobby:PersistentLevel.GM_Lobby_C_2147482516
	Function /Game/_Source/Lobby/GM_Lobby.GM_Lobby_C:ExecuteUbergraph_GM_Lobby:0BD8
[2021.03.30-02.22.20:176][781]LogScript: Warning: Script call stack:
	Function /Game/_Source/Lobby/GM_Lobby.GM_Lobby_C:K2_OnLogout
	Function /Game/_Source/Lobby/GM_Lobby.GM_Lobby_C:ExecuteUbergraph_GM_Lobby

[2021.03.30-02.22.20:176][781]LogScript: Warning: Accessed None trying to read property ChosenCharacter
	GM_Lobby_C /Game/Maps/Lobby.Lobby:PersistentLevel.GM_Lobby_C_2147482516
	Function /Game/_Source/Lobby/GM_Lobby.GM_Lobby_C:ExecuteUbergraph_GM_Lobby:0C1D
[2021.03.30-02.22.20:176][781]LogScript: Warning: Script call stack:
	Function /Game/_Source/Lobby/GM_Lobby.GM_Lobby_C:K2_OnLogout
	Function /Game/_Source/Lobby/GM_Lobby.GM_Lobby_C:ExecuteUbergraph_GM_Lobby

[2021.03.30-02.22.20:176][781]LogWorld: UWorld::CleanupWorld for Lobby, bSessionEnded=true, bCleanupResources=true
[2021.03.30-02.22.20:176][781]LogSlate: InvalidateAllWidgets triggered.  All widgets were invalidated
[2021.03.30-02.22.20:203][781]LogAISub: UAISubsystem::~UAISubsystem AIPerceptionSystem (000002572FD1E5C0), frame # 8781
[2021.03.30-02.22.20:203][781]LogAISub: UAISubsystem::~UAISubsystem EnvQueryManager (000002575B455A00), frame # 8781
[2021.03.30-02.22.20:204][781]LogUObjectHash: Compacting FUObjectHashTables data took   0.80ms
[2021.03.30-02.22.20:206][781]LogStreaming: Display: Flushing async loaders.
[2021.03.30-02.22.20:219][781]LogAIModule: Creating AISystem for world MenuSystem
[2021.03.30-02.22.20:219][781]LogAISub: UAISubsystem::UAISubsystem EnvQueryManager (000002575A085600), frame # 8781
[2021.03.30-02.22.20:219][781]LogAISub: UAISubsystem::UAISubsystem AIPerceptionSystem (000002572FD1F600), frame # 8781
[2021.03.30-02.22.20:219][781]LogLoad: Game class is 'GM_MenuSystem_C'
[2021.03.30-02.22.20:220][781]LogWorld: Bringing World /Game/Maps/MenuSystem.MenuSystem up for play (max tick rate 0) at 2021.03.29-22.22.20
[2021.03.30-02.22.20:220][781]LogWorld: Bringing up level for play took: 0.000426
[2021.03.30-02.22.20:221][781]LogGameMode: Display: Match State Changed from EnteringMap to WaitingToStart
[2021.03.30-02.22.20:221][781]LogGameState: Match State Changed from EnteringMap to WaitingToStart
[2021.03.30-02.22.20:221][781]LogGameMode: Display: Match State Changed from WaitingToStart to InProgress
[2021.03.30-02.22.20:221][781]r.SetRes = "1280x720w"
[2021.03.30-02.22.20:221][781]net.MaxPlayersOverride = "4"
[2021.03.30-02.22.20:221][781]LogUMG: Display: Widget Class MainMenu_C - Loaded Fast Template.
[2021.03.30-02.22.20:221][781]LogPlayerController: Error: InputMode:UIOnly - Attempting to focus Non-Focusable widget SObjectWidget [Widget.cpp(799)]!
[2021.03.30-02.22.20:221][781]LogBlueprintUserMessages: [PS_MenuSystem_C_2147482455] Steam Online Subsystem is not present
[2021.03.30-02.22.20:221][781]LogGameState: Match State Changed from WaitingToStart to InProgress
[2021.03.30-02.22.20:222][781]LogLoad: Took 0.046636 seconds to LoadMap(/Game/Maps/MenuSystem)
[2021.03.30-02.22.21:119][279]LogUMG: Display: Widget Class PlayMenu_C - Loaded Fast Template.
[2021.03.30-02.22.21:119][279]LogPlayerController: Error: InputMode:UIOnly - Attempting to focus Non-Focusable widget SObjectWidget [Widget.cpp(799)]!
[2021.03.30-02.22.21:624][563]LogUMG: Display: Widget Class HostConfigMenu_C - Loaded Fast Template.
[2021.03.30-02.22.21:625][563]LogPlayerController: Error: InputMode:UIOnly - Attempting to focus Non-Focusable widget SObjectWidget [Widget.cpp(799)]!
[2021.03.30-02.22.23:059][378]LogGameMode: Display: Match State Changed from InProgress to LeavingMap
[2021.03.30-02.22.23:059][378]LogGameState: Match State Changed from InProgress to LeavingMap
[2021.03.30-02.22.23:059][378]LogNet: Browse: /Game/Maps/Lobby??listen
[2021.03.30-02.22.23:059][378]LogLoad: LoadMap: /Game/Maps/Lobby??listen
[2021.03.30-02.22.23:059][378]LogWorld: BeginTearingDown for /Game/Maps/MenuSystem
[2021.03.30-02.22.23:060][378]LogWorld: UWorld::CleanupWorld for MenuSystem, bSessionEnded=true, bCleanupResources=true
[2021.03.30-02.22.23:060][378]LogSlate: InvalidateAllWidgets triggered.  All widgets were invalidated
[2021.03.30-02.22.23:096][378]LogAudio: Display: Waited 35.537399 ms for audio thread.
[2021.03.30-02.22.23:100][378]LogAudio: Display: Waited 39.547203 ms for audio thread.
[2021.03.30-02.22.23:103][378]LogAISub: UAISubsystem::~UAISubsystem AIPerceptionSystem (000002572FD1F600), frame # 10378
[2021.03.30-02.22.23:103][378]LogAISub: UAISubsystem::~UAISubsystem EnvQueryManager (000002575A085600), frame # 10378
[2021.03.30-02.22.23:104][378]LogUObjectHash: Compacting FUObjectHashTables data took   0.79ms
[2021.03.30-02.22.23:105][378]LogStreaming: Display: Flushing async loaders.
[2021.03.30-02.22.23:126][378]LogAIModule: Creating AISystem for world Lobby
[2021.03.30-02.22.23:126][378]LogAISub: UAISubsystem::UAISubsystem EnvQueryManager (000002572F6D0A00), frame # 10378
[2021.03.30-02.22.23:126][378]LogAISub: UAISubsystem::UAISubsystem AIPerceptionSystem (000002572FD1F600), frame # 10378
[2021.03.30-02.22.23:127][378]LogLoad: Game class is 'GM_Lobby_C'
[2021.03.30-02.22.23:127][378]LogNet: ReplicationDriverClass is null! Not using ReplicationDriver.
[2021.03.30-02.22.23:127][378]LogNetCore: DDoS detection status: detection enabled: 0 analytics enabled: 0
[2021.03.30-02.22.23:127][378]LogInit: WinSock: Socket queue. Rx: 131072 (config 131072) Tx: 131072 (config 131072)
[2021.03.30-02.22.23:127][378]LogNet: Created socket for bind address: 0.0.0.0 on port 7777
[2021.03.30-02.22.23:127][378]PacketHandlerLog: Loaded PacketHandler component: Engine.EngineHandlerComponentFactory (StatelessConnectHandlerComponent)
[2021.03.30-02.22.23:127][378]LogNet: GameNetDriver IpNetDriver_2147482416 IpNetDriver listening on port 7777
[2021.03.30-02.22.23:128][378]LogWorld: Bringing World /Game/Maps/Lobby.Lobby up for play (max tick rate 0) at 2021.03.29-22.22.23
[2021.03.30-02.22.23:128][378]LogWorld: Bringing up level for play took: 0.000325
[2021.03.30-02.22.23:129][378]LogGameMode: Display: Match State Changed from EnteringMap to WaitingToStart
[2021.03.30-02.22.23:129][378]LogUMG: Display: Widget Class RootHUD_C - Loaded Fast Template.
[2021.03.30-02.22.23:130][378]LogBlueprintUserMessages: [RootHUD_C_2147482388] 
[2021.03.30-02.22.23:130][378]LogScript: Warning: Accessed None trying to read property GSRef
	GM_Lobby_C /Game/Maps/Lobby.Lobby:PersistentLevel.GM_Lobby_C_2147482417
	Function /Game/_Source/Lobby/GM_Lobby.GM_Lobby_C:ExecuteUbergraph_GM_Lobby:09DF
[2021.03.30-02.22.23:130][378]LogScript: Warning: Script call stack:
	Function /Game/Maps/Lobby.Lobby_C:ReceiveBeginPlay
	Function /Game/Maps/Lobby.Lobby_C:ExecuteUbergraph_Lobby
	Function /Game/Maps/Lobby.Lobby_C:SendTargetPointsToGM
	Function /Game/Maps/Lobby.Lobby_C:ExecuteUbergraph_Lobby
	Function /Game/_Source/Lobby/GM_Lobby.GM_Lobby_C:LoadSpawnPoints
	Function /Game/_Source/Lobby/GM_Lobby.GM_Lobby_C:ExecuteUbergraph_GM_Lobby

[2021.03.30-02.22.23:130][378]LogScript: Warning: Accessed None
	GM_Lobby_C /Game/Maps/Lobby.Lobby:PersistentLevel.GM_Lobby_C_2147482417
	Function /Game/_Source/Lobby/GM_Lobby.GM_Lobby_C:ExecuteUbergraph_GM_Lobby:09C0
[2021.03.30-02.22.23:130][378]LogScript: Warning: Script call stack:
	Function /Game/Maps/Lobby.Lobby_C:ReceiveBeginPlay
	Function /Game/Maps/Lobby.Lobby_C:ExecuteUbergraph_Lobby
	Function /Game/Maps/Lobby.Lobby_C:SendTargetPointsToGM
	Function /Game/Maps/Lobby.Lobby_C:ExecuteUbergraph_Lobby
	Function /Game/_Source/Lobby/GM_Lobby.GM_Lobby_C:LoadSpawnPoints
	Function /Game/_Source/Lobby/GM_Lobby.GM_Lobby_C:ExecuteUbergraph_GM_Lobby

[2021.03.30-02.22.23:130][378]LogScript: Warning: Accessed None trying to read property GSRef
	GM_Lobby_C /Game/Maps/Lobby.Lobby:PersistentLevel.GM_Lobby_C_2147482417
	Function /Game/_Source/Lobby/GM_Lobby.GM_Lobby_C:ExecuteUbergraph_GM_Lobby:09DF
[2021.03.30-02.22.23:130][378]LogScript: Warning: Script call stack:
	Function /Game/Maps/Lobby.Lobby_C:ReceiveBeginPlay
	Function /Game/Maps/Lobby.Lobby_C:ExecuteUbergraph_Lobby
	Function /Game/Maps/Lobby.Lobby_C:SendTargetPointsToGM
	Function /Game/Maps/Lobby.Lobby_C:ExecuteUbergraph_Lobby
	Function /Game/_Source/Lobby/GM_Lobby.GM_Lobby_C:LoadSpawnPoints
	Function /Game/_Source/Lobby/GM_Lobby.GM_Lobby_C:ExecuteUbergraph_GM_Lobby

[2021.03.30-02.22.23:130][378]LogScript: Warning: Accessed None
	GM_Lobby_C /Game/Maps/Lobby.Lobby:PersistentLevel.GM_Lobby_C_2147482417
	Function /Game/_Source/Lobby/GM_Lobby.GM_Lobby_C:ExecuteUbergraph_GM_Lobby:09C0
[2021.03.30-02.22.23:130][378]LogScript: Warning: Script call stack:
	Function /Game/Maps/Lobby.Lobby_C:ReceiveBeginPlay
	Function /Game/Maps/Lobby.Lobby_C:ExecuteUbergraph_Lobby
	Function /Game/Maps/Lobby.Lobby_C:SendTargetPointsToGM
	Function /Game/Maps/Lobby.Lobby_C:ExecuteUbergraph_Lobby
	Function /Game/_Source/Lobby/GM_Lobby.GM_Lobby_C:LoadSpawnPoints
	Function /Game/_Source/Lobby/GM_Lobby.GM_Lobby_C:ExecuteUbergraph_GM_Lobby

[2021.03.30-02.22.23:130][378]LogScript: Warning: Accessed None trying to read property GSRef
	GM_Lobby_C /Game/Maps/Lobby.Lobby:PersistentLevel.GM_Lobby_C_2147482417
	Function /Game/_Source/Lobby/GM_Lobby.GM_Lobby_C:ExecuteUbergraph_GM_Lobby:09DF
[2021.03.30-02.22.23:130][378]LogScript: Warning: Script call stack:
	Function /Game/Maps/Lobby.Lobby_C:ReceiveBeginPlay
	Function /Game/Maps/Lobby.Lobby_C:ExecuteUbergraph_Lobby
	Function /Game/Maps/Lobby.Lobby_C:SendTargetPointsToGM
	Function /Game/Maps/Lobby.Lobby_C:ExecuteUbergraph_Lobby
	Function /Game/_Source/Lobby/GM_Lobby.GM_Lobby_C:LoadSpawnPoints
	Function /Game/_Source/Lobby/GM_Lobby.GM_Lobby_C:ExecuteUbergraph_GM_Lobby

[2021.03.30-02.22.23:130][378]LogScript: Warning: Accessed None
	GM_Lobby_C /Game/Maps/Lobby.Lobby:PersistentLevel.GM_Lobby_C_2147482417
	Function /Game/_Source/Lobby/GM_Lobby.GM_Lobby_C:ExecuteUbergraph_GM_Lobby:09C0
[2021.03.30-02.22.23:130][378]LogScript: Warning: Script call stack:
	Function /Game/Maps/Lobby.Lobby_C:ReceiveBeginPlay
	Function /Game/Maps/Lobby.Lobby_C:ExecuteUbergraph_Lobby
	Function /Game/Maps/Lobby.Lobby_C:SendTargetPointsToGM
	Function /Game/Maps/Lobby.Lobby_C:ExecuteUbergraph_Lobby
	Function /Game/_Source/Lobby/GM_Lobby.GM_Lobby_C:LoadSpawnPoints
	Function /Game/_Source/Lobby/GM_Lobby.GM_Lobby_C:ExecuteUbergraph_GM_Lobby

[2021.03.30-02.22.23:130][378]LogScript: Warning: Accessed None trying to read property GSRef
	GM_Lobby_C /Game/Maps/Lobby.Lobby:PersistentLevel.GM_Lobby_C_2147482417
	Function /Game/_Source/Lobby/GM_Lobby.GM_Lobby_C:ExecuteUbergraph_GM_Lobby:09DF
[2021.03.30-02.22.23:130][378]LogScript: Warning: Script call stack:
	Function /Game/Maps/Lobby.Lobby_C:ReceiveBeginPlay
	Function /Game/Maps/Lobby.Lobby_C:ExecuteUbergraph_Lobby
	Function /Game/Maps/Lobby.Lobby_C:SendTargetPointsToGM
	Function /Game/Maps/Lobby.Lobby_C:ExecuteUbergraph_Lobby
	Function /Game/_Source/Lobby/GM_Lobby.GM_Lobby_C:LoadSpawnPoints
	Function /Game/_Source/Lobby/GM_Lobby.GM_Lobby_C:ExecuteUbergraph_GM_Lobby

[2021.03.30-02.22.23:130][378]LogScript: Warning: Accessed None
	GM_Lobby_C /Game/Maps/Lobby.Lobby:PersistentLevel.GM_Lobby_C_2147482417
	Function /Game/_Source/Lobby/GM_Lobby.GM_Lobby_C:ExecuteUbergraph_GM_Lobby:09C0
[2021.03.30-02.22.23:130][378]LogScript: Warning: Script call stack:
	Function /Game/Maps/Lobby.Lobby_C:ReceiveBeginPlay
	Function /Game/Maps/Lobby.Lobby_C:ExecuteUbergraph_Lobby
	Function /Game/Maps/Lobby.Lobby_C:SendTargetPointsToGM
	Function /Game/Maps/Lobby.Lobby_C:ExecuteUbergraph_Lobby
	Function /Game/_Source/Lobby/GM_Lobby.GM_Lobby_C:LoadSpawnPoints
	Function /Game/_Source/Lobby/GM_Lobby.GM_Lobby_C:ExecuteUbergraph_GM_Lobby

[2021.03.30-02.22.23:131][378]LogGameState: Match State Changed from EnteringMap to WaitingToStart
[2021.03.30-02.22.23:131][378]LogLoad: Took 0.071313 seconds to LoadMap(/Game/Maps/Lobby)
[2021.03.30-02.22.24:606][314]LogGameMode: Display: Match State Changed from WaitingToStart to LeavingMap
[2021.03.30-02.22.24:606][314]LogGameState: Match State Changed from WaitingToStart to LeavingMap
[2021.03.30-02.22.24:606][314]LogNet: Browse: /Game/Maps/MenuSystem
[2021.03.30-02.22.24:606][314]LogLoad: LoadMap: /Game/Maps/MenuSystem
[2021.03.30-02.22.24:606][314]LogWorld: BeginTearingDown for /Game/Maps/Lobby
[2021.03.30-02.22.24:606][314]LogNet: World NetDriver shutdown IpNetDriver_2147482416 [GameNetDriver]
[2021.03.30-02.22.24:606][314]LogNet: DestroyNamedNetDriver IpNetDriver_2147482416 [GameNetDriver]
[2021.03.30-02.22.24:606][314]LogExit: GameNetDriver IpNetDriver_2147482416 shut down
[2021.03.30-02.22.24:606][314]LogScript: Warning: Attempted to access index -1 from array SpawnPoints of length 0!
	GM_Lobby_C /Game/Maps/Lobby.Lobby:PersistentLevel.GM_Lobby_C_2147482417
	Function /Game/_Source/Lobby/GM_Lobby.GM_Lobby_C:ExecuteUbergraph_GM_Lobby:0BD8
[2021.03.30-02.22.24:606][314]LogScript: Warning: Script call stack:
	Function /Game/_Source/Lobby/GM_Lobby.GM_Lobby_C:K2_OnLogout
	Function /Game/_Source/Lobby/GM_Lobby.GM_Lobby_C:ExecuteUbergraph_GM_Lobby

[2021.03.30-02.22.24:606][314]LogScript: Warning: Accessed None reading structure InUse_5_B8F632BF4B6156783B6254B6B85E3C8D
	GM_Lobby_C /Game/Maps/Lobby.Lobby:PersistentLevel.GM_Lobby_C_2147482417
	Function /Game/_Source/Lobby/GM_Lobby.GM_Lobby_C:ExecuteUbergraph_GM_Lobby:0BD8
[2021.03.30-02.22.24:607][314]LogScript: Warning: Script call stack:
	Function /Game/_Source/Lobby/GM_Lobby.GM_Lobby_C:K2_OnLogout
	Function /Game/_Source/Lobby/GM_Lobby.GM_Lobby_C:ExecuteUbergraph_GM_Lobby

[2021.03.30-02.22.24:607][314]LogScript: Warning: Accessed None trying to read property ChosenCharacter
	GM_Lobby_C /Game/Maps/Lobby.Lobby:PersistentLevel.GM_Lobby_C_2147482417
	Function /Game/_Source/Lobby/GM_Lobby.GM_Lobby_C:ExecuteUbergraph_GM_Lobby:0C1D
[2021.03.30-02.22.24:607][314]LogScript: Warning: Script call stack:
	Function /Game/_Source/Lobby/GM_Lobby.GM_Lobby_C:K2_OnLogout
	Function /Game/_Source/Lobby/GM_Lobby.GM_Lobby_C:ExecuteUbergraph_GM_Lobby

[2021.03.30-02.22.24:607][314]LogWorld: UWorld::CleanupWorld for Lobby, bSessionEnded=true, bCleanupResources=true
[2021.03.30-02.22.24:607][314]LogSlate: InvalidateAllWidgets triggered.  All widgets were invalidated
[2021.03.30-02.22.24:642][314]LogAISub: UAISubsystem::~UAISubsystem AIPerceptionSystem (000002572FD1F600), frame # 11314
[2021.03.30-02.22.24:642][314]LogAISub: UAISubsystem::~UAISubsystem EnvQueryManager (000002572F6D0A00), frame # 11314
[2021.03.30-02.22.24:644][314]LogUObjectHash: Compacting FUObjectHashTables data took   0.83ms
[2021.03.30-02.22.24:646][314]LogStreaming: Display: Flushing async loaders.
[2021.03.30-02.22.24:661][314]LogAIModule: Creating AISystem for world MenuSystem
[2021.03.30-02.22.24:661][314]LogAISub: UAISubsystem::UAISubsystem EnvQueryManager (000002575BDBFE00), frame # 11314
[2021.03.30-02.22.24:661][314]LogAISub: UAISubsystem::UAISubsystem AIPerceptionSystem (000002572FD1E200), frame # 11314
[2021.03.30-02.22.24:662][314]LogLoad: Game class is 'GM_MenuSystem_C'
[2021.03.30-02.22.24:663][314]LogWorld: Bringing World /Game/Maps/MenuSystem.MenuSystem up for play (max tick rate 0) at 2021.03.29-22.22.24
[2021.03.30-02.22.24:664][314]LogWorld: Bringing up level for play took: 0.000611
[2021.03.30-02.22.24:664][314]LogGameMode: Display: Match State Changed from EnteringMap to WaitingToStart
[2021.03.30-02.22.24:664][314]LogGameState: Match State Changed from EnteringMap to WaitingToStart
[2021.03.30-02.22.24:664][314]LogGameMode: Display: Match State Changed from WaitingToStart to InProgress
[2021.03.30-02.22.24:665][314]r.SetRes = "1280x720w"
[2021.03.30-02.22.24:665][314]net.MaxPlayersOverride = "4"
[2021.03.30-02.22.24:665][314]LogUMG: Display: Widget Class MainMenu_C - Loaded Fast Template.
[2021.03.30-02.22.24:665][314]LogPlayerController: Error: InputMode:UIOnly - Attempting to focus Non-Focusable widget SObjectWidget [Widget.cpp(799)]!
[2021.03.30-02.22.24:665][314]LogBlueprintUserMessages: [PS_MenuSystem_C_2147482356] Steam Online Subsystem is not present
[2021.03.30-02.22.24:665][314]LogGameState: Match State Changed from WaitingToStart to InProgress
[2021.03.30-02.22.24:666][314]LogLoad: Took 0.059581 seconds to LoadMap(/Game/Maps/MenuSystem)
[2021.03.30-02.22.31:221][ 21]LogSlate: Request Window 'AraneoArena (64-bit Development PCD3D_SM5) ' being destroyed
[2021.03.30-02.22.31:227][ 21]LogSlate: Window 'AraneoArena (64-bit Development PCD3D_SM5) ' being destroyed
[2021.03.30-02.22.31:228][ 21]LogWindowsTextInputMethodSystem: Display: IME system now deactivated.
[2021.03.30-02.22.31:235][ 21]LogBlueprintUserMessages: [PS_MenuSystem_C_2147482336] Steam Online Subsystem is not present
[2021.03.30-02.22.31:235][ 21]LogBlueprintUserMessages: [PS_MenuSystem_C_2147482356] Copyin MenuPS to LobbyPS
[2021.03.30-02.22.31:236][ 21]LogSlate: Updating window title bar state: overlay mode, drag disabled, window buttons hidden, title bar hidden
[2021.03.30-02.22.31:236][ 21]LogEngine: All Windows Closed
[2021.03.30-02.22.31:236][ 21]LogWindows: FPlatformMisc::RequestExit(0)
[2021.03.30-02.22.31:236][ 21]LogCore: Engine exit requested (reason: Win RequestExit)
[2021.03.30-02.22.31:236][ 22]LogCore: Engine exit requested (reason: EngineExit() was called; note: exit was already requested)
[2021.03.30-02.22.31:239][ 22]LogAudio: Display: Shutting down audio device while 2 references to it are still alive. For more information, compile with INSTRUMENT_AUDIODEVICE_HANDLES.
[2021.03.30-02.22.31:274][ 22]LogInit: Display: PreExit Game.
[2021.03.30-02.22.31:287][ 22]LogWorld: BeginTearingDown for /Game/Maps/MenuSystem
[2021.03.30-02.22.31:287][ 22]LogWorld: UWorld::CleanupWorld for MenuSystem, bSessionEnded=true, bCleanupResources=true
[2021.03.30-02.22.31:287][ 22]LogSlate: InvalidateAllWidgets triggered.  All widgets were invalidated
[2021.03.30-02.22.31:318][ 22]LogExit: Preparing to exit.
[2021.03.30-02.22.31:318][ 22]LogMoviePlayer: Shutting down movie player
[2021.03.30-02.22.31:323][ 22]LogSlate: Updating window title bar state: overlay mode, drag disabled, window buttons hidden, title bar hidden
[2021.03.30-02.22.31:324][ 22]LogDemo: Cleaned up 0 splitscreen connections with owner deletion
[2021.03.30-02.22.31:325][ 22]LogExit: Game engine shut down
[2021.03.30-02.22.31:330][ 22]LogAISub: UAISubsystem::~UAISubsystem AISubsystem (000002575AE36340), frame # 15022
[2021.03.30-02.22.31:330][ 22]LogAISub: UAISubsystem::~UAISubsystem AIPerceptionSystem (000002575A18B640), frame # 15022
[2021.03.30-02.22.31:330][ 22]LogAISub: UAISubsystem::~UAISubsystem EnvQueryManager (000002575A08DE00), frame # 15022
[2021.03.30-02.22.31:332][ 22]LogAISub: UAISubsystem::~UAISubsystem AIPerceptionSystem (000002572FD1E200), frame # 15022
[2021.03.30-02.22.31:332][ 22]LogAISub: UAISubsystem::~UAISubsystem EnvQueryManager (000002575BDBFE00), frame # 15022
[2021.03.30-02.22.31:343][ 22]LogExit: Object subsystem successfully closed.
[2021.03.30-02.22.31:361][ 22]LogModuleManager: Shutting down and abandoning module AutomationController (324)
[2021.03.30-02.22.31:361][ 22]LogModuleManager: Shutting down and abandoning module AutomationWorker (322)
[2021.03.30-02.22.31:361][ 22]LogModuleManager: Shutting down and abandoning module Voice (320)
[2021.03.30-02.22.31:361][ 22]LogModuleManager: Shutting down and abandoning module AIModule (318)
[2021.03.30-02.22.31:361][ 22]LogModuleManager: Shutting down and abandoning module GameplayDebugger (317)
[2021.03.30-02.22.31:361][ 22]LogModuleManager: Shutting down and abandoning module NavigationSystem (315)
[2021.03.30-02.22.31:361][ 22]LogModuleManager: Shutting down and abandoning module WebMMediaFactory (312)
[2021.03.30-02.22.31:361][ 22]LogModuleManager: Shutting down and abandoning module WebMMedia (310)
[2021.03.30-02.22.31:361][ 22]LogModuleManager: Shutting down and abandoning module OculusMR (308)
[2021.03.30-02.22.31:361][ 22]LogModuleManager: Shutting down and abandoning module WmfMediaFactory (306)
[2021.03.30-02.22.31:361][ 22]LogModuleManager: Shutting down and abandoning module OpenExrWrapper (304)
[2021.03.30-02.22.31:361][ 22]LogModuleManager: Shutting down and abandoning module ImgMediaFactory (302)
[2021.03.30-02.22.31:361][ 22]LogModuleManager: Shutting down and abandoning module AvfMediaFactory (300)
[2021.03.30-02.22.31:361][ 22]LogModuleManager: Shutting down and abandoning module CharacterAI (298)
[2021.03.30-02.22.31:361][ 22]LogModuleManager: Shutting down and abandoning module PlanarCut (296)
[2021.03.30-02.22.31:361][ 22]LogModuleManager: Shutting down and abandoning module SessionServices (294)
[2021.03.30-02.22.31:361][ 22]LogModuleManager: Shutting down and abandoning module LiveCoding (292)
[2021.03.30-02.22.31:361][ 22]LogModuleManager: Shutting down and abandoning module LevelSequence (290)
[2021.03.30-02.22.31:361][ 22]LogModuleManager: Shutting down and abandoning module MovieSceneTracks (288)
[2021.03.30-02.22.31:361][ 22]LogModuleManager: Shutting down and abandoning module MovieScene (286)
[2021.03.30-02.22.31:362][ 22]LogModuleManager: Shutting down and abandoning module StreamingPauseRendering (284)
[2021.03.30-02.22.31:362][ 22]LogModuleManager: Shutting down and abandoning module AudioMixerXAudio2 (282)
[2021.03.30-02.22.31:362][ 22]LogModuleManager: Shutting down and abandoning module AudioMixerCore (281)
[2021.03.30-02.22.31:362][ 22]LogModuleManager: Shutting down and abandoning module ImageWriteQueue (278)
[2021.03.30-02.22.31:363][ 22]LogModuleManager: Shutting down and abandoning module ProfilerService (276)
[2021.03.30-02.22.31:585][ 22]LogModuleManager: Shutting down and abandoning module TaskGraph (274)
[2021.03.30-02.22.31:586][ 22]LogModuleManager: Shutting down and abandoning module Synthesis (272)
[2021.03.30-02.22.31:586][ 22]LogModuleManager: Shutting down and abandoning module OculusInput (270)
[2021.03.30-02.22.31:586][ 22]LogModuleManager: Shutting down and abandoning module MobilePatchingUtils (268)
[2021.03.30-02.22.31:586][ 22]LogModuleManager: Shutting down and abandoning module GooglePAD (266)
[2021.03.30-02.22.31:586][ 22]LogModuleManager: Shutting down and abandoning module CustomMeshComponent (264)
[2021.03.30-02.22.31:586][ 22]LogModuleManager: Shutting down and abandoning module CableComponent (262)
[2021.03.30-02.22.31:586][ 22]LogModuleManager: Shutting down and abandoning module AudioCapture (260)
[2021.03.30-02.22.31:586][ 22]LogModuleManager: Shutting down and abandoning module AudioCaptureRtAudio (259)
[2021.03.30-02.22.31:586][ 22]LogModuleManager: Shutting down and abandoning module AssetTags (256)
[2021.03.30-02.22.31:586][ 22]LogModuleManager: Shutting down and abandoning module ArchVisCharacter (254)
[2021.03.30-02.22.31:586][ 22]LogModuleManager: Shutting down and abandoning module AppleImageUtils (252)
[2021.03.30-02.22.31:586][ 22]LogModuleManager: Shutting down and abandoning module AndroidPermission (250)
[2021.03.30-02.22.31:586][ 22]LogModuleManager: Shutting down and abandoning module TemplateSequence (248)
[2021.03.30-02.22.31:586][ 22]LogModuleManager: Shutting down and abandoning module MediaCompositing (246)
[2021.03.30-02.22.31:586][ 22]LogModuleManager: Shutting down and abandoning module ImgMedia (244)
[2021.03.30-02.22.31:586][ 22]LogModuleManager: Shutting down and abandoning module MagicLeapLightEstimation (242)
[2021.03.30-02.22.31:586][ 22]LogModuleManager: Shutting down and abandoning module MagicLeapHelperVulkan (240)
[2021.03.30-02.22.31:587][ 22]LogModuleManager: Shutting down and abandoning module MagicLeapHelperOpenGL (238)
[2021.03.30-02.22.31:587][ 22]LogModuleManager: Shutting down and abandoning module MagicLeapAudio (236)
[2021.03.30-02.22.31:587][ 22]LogModuleManager: Shutting down and abandoning module MagicLeapSharedWorld (234)
[2021.03.30-02.22.31:587][ 22]LogModuleManager: Shutting down and abandoning module ChaosNiagara (232)
[2021.03.30-02.22.31:587][ 22]LogModuleManager: Shutting down and abandoning module ProceduralMeshComponent (230)
[2021.03.30-02.22.31:587][ 22]LogModuleManager: Shutting down and abandoning module GeometryCollectionTracks (228)
[2021.03.30-02.22.31:587][ 22]LogModuleManager: Shutting down and abandoning module EditableMesh (226)
[2021.03.30-02.22.31:587][ 22]LogModuleManager: Shutting down and abandoning module MeshSolverUtilities (224)
[2021.03.30-02.22.31:587][ 22]LogModuleManager: Shutting down and abandoning module MeshConversion (222)
[2021.03.30-02.22.31:587][ 22]LogModuleManager: Shutting down and abandoning module DynamicMesh (220)
[2021.03.30-02.22.31:587][ 22]LogModuleManager: Shutting down and abandoning module GeometryAlgorithms (218)
[2021.03.30-02.22.31:587][ 22]LogModuleManager: Shutting down and abandoning module GeometricObjects (216)
[2021.03.30-02.22.31:587][ 22]LogModuleManager: Shutting down and abandoning module ChaosCloth (214)
[2021.03.30-02.22.31:587][ 22]LogModuleManager: Shutting down and abandoning module BackChannel (212)
[2021.03.30-02.22.31:587][ 22]LogModuleManager: Shutting down and abandoning module AutomationUtils (210)
[2021.03.30-02.22.31:587][ 22]LogModuleManager: Shutting down and abandoning module GeometryCacheTracks (208)
[2021.03.30-02.22.31:587][ 22]LogModuleManager: Shutting down and abandoning module GeometryCache (206)
[2021.03.30-02.22.31:587][ 22]LogModuleManager: Shutting down and abandoning module UObjectPlugin (204)
[2021.03.30-02.22.31:587][ 22]LogModuleManager: Shutting down and abandoning module SoundFields (200)
[2021.03.30-02.22.31:587][ 22]LogModuleManager: Shutting down and abandoning module RuntimePhysXCooking (198)
[2021.03.30-02.22.31:587][ 22]LogModuleManager: Shutting down and abandoning module LocationServicesBPLibrary (194)
[2021.03.30-02.22.31:587][ 22]LogModuleManager: Shutting down and abandoning module ActorSequence (192)
[2021.03.30-02.22.31:587][ 22]LogModuleManager: Shutting down and abandoning module UdpMessaging (190)
[2021.03.30-02.22.31:587][ 22]LogModuleManager: Shutting down and abandoning module TcpMessaging (188)
[2021.03.30-02.22.31:587][ 22]LogModuleManager: Shutting down and abandoning module MagicLeapHandMeshing (186)
[2021.03.30-02.22.31:587][ 22]LogModuleManager: Shutting down and abandoning module MagicLeapSecureStorage (184)
[2021.03.30-02.22.31:587][ 22]LogModuleManager: Shutting down and abandoning module MagicLeapPrivileges (182)
[2021.03.30-02.22.31:587][ 22]LogModuleManager: Shutting down and abandoning module MagicLeapPlanes (180)
[2021.03.30-02.22.31:587][ 22]LogModuleManager: Shutting down and abandoning module MagicLeapImageTracker (178)
[2021.03.30-02.22.31:587][ 22]LogModuleManager: Shutting down and abandoning module MagicLeapIdentity (176)
[2021.03.30-02.22.31:587][ 22]LogModuleManager: Shutting down and abandoning module MagicLeapHandTracking (174)
[2021.03.30-02.22.31:587][ 22]LogModuleManager: Shutting down and abandoning module MagicLeapEyeTracker (172)
[2021.03.30-02.22.31:587][ 22]LogModuleManager: Shutting down and abandoning module MagicLeapController (170)
[2021.03.30-02.22.31:587][ 22]LogSlate: Slate User Destroyed.  User Index 0, Is Virtual User: 0
[2021.03.30-02.22.31:588][ 22]LogModuleManager: Shutting down and abandoning module MagicLeapARPinImpl (168)
[2021.03.30-02.22.31:588][ 22]LogModuleManager: Shutting down and abandoning module MagicLeapAR (166)
[2021.03.30-02.22.31:588][ 22]LogModuleManager: Shutting down and abandoning module AugmentedReality (165)
[2021.03.30-02.22.31:588][ 22]LogModuleManager: Shutting down and abandoning module MagicLeapARPin (162)
[2021.03.30-02.22.31:588][ 22]LogModuleManager: Shutting down and abandoning module NiagaraAnimNotifies (160)
[2021.03.30-02.22.31:588][ 22]LogModuleManager: Shutting down and abandoning module Niagara (158)
[2021.03.30-02.22.31:588][ 22]LogModuleManager: Shutting down and abandoning module SignalProcessing (157)
[2021.03.30-02.22.31:588][ 22]LogModuleManager: Shutting down and abandoning module NiagaraCore (154)
[2021.03.30-02.22.31:588][ 22]LogModuleManager: Shutting down and abandoning module FacialAnimation (152)
[2021.03.30-02.22.31:588][ 22]LogModuleManager: Shutting down and abandoning module SignificanceManager (150)
[2021.03.30-02.22.31:588][ 22]LogModuleManager: Shutting down and abandoning module AnimationSharing (148)
[2021.03.30-02.22.31:588][ 22]LogModuleManager: Shutting down and abandoning module LightPropagationVolumeRuntime (146)
[2021.03.30-02.22.31:588][ 22]LogModuleManager: Shutting down and abandoning module Paper2D (144)
[2021.03.30-02.22.31:588][ 22]LogModuleManager: Shutting down and abandoning module SteamShared (142)
[2021.03.30-02.22.31:588][ 22]LogSteamShared: Freeing the Steam Loaded Modules...
[2021.03.30-02.22.31:588][ 22]LogModuleManager: Shutting down and abandoning module AdvancedSteamSessions (140)
[2021.03.30-02.22.31:588][ 22]LogModuleManager: Shutting down and abandoning module AdvancedSessions (138)
[2021.03.30-02.22.31:588][ 22]LogModuleManager: Shutting down and abandoning module WindowsMoviePlayer (136)
[2021.03.30-02.22.31:589][ 22]LogModuleManager: Shutting down and abandoning module WebMMoviePlayer (134)
[2021.03.30-02.22.31:589][ 22]LogModuleManager: Shutting down and abandoning module NetworkReplayStreaming (132)
[2021.03.30-02.22.31:589][ 22]LogModuleManager: Shutting down and abandoning module PacketHandler (130)
[2021.03.30-02.22.31:589][ 22]LogModuleManager: Shutting down and abandoning module ClothingSystemRuntimeNv (128)
[2021.03.30-02.22.31:589][ 22]LogModuleManager: Shutting down and abandoning module MediaAssets (126)
[2021.03.30-02.22.31:589][ 22]LogModuleManager: Shutting down and abandoning module Overlay (124)
[2021.03.30-02.22.31:589][ 22]LogModuleManager: Shutting down and abandoning module FunctionalTesting (122)
[2021.03.30-02.22.31:589][ 22]LogModuleManager: Shutting down and abandoning module MessageLog (120)
[2021.03.30-02.22.31:589][ 22]LogModuleManager: Shutting down and abandoning module UMG (118)
[2021.03.30-02.22.31:589][ 22]LogModuleManager: Shutting down and abandoning module SlateReflector (116)
[2021.03.30-02.22.31:589][ 22]LogModuleManager: Shutting down and abandoning module Slate (114)
[2021.03.30-02.22.31:589][ 22]LogModuleManager: Shutting down and abandoning module SlateCore (112)
[2021.03.30-02.22.31:589][ 22]LogModuleManager: Shutting down and abandoning module MRMesh (110)
[2021.03.30-02.22.31:589][ 22]LogModuleManager: Shutting down and abandoning module Messaging (108)
[2021.03.30-02.22.31:589][ 22]LogModuleManager: Shutting down and abandoning module HeadMountedDisplay (106)
[2021.03.30-02.22.31:589][ 22]LogModuleManager: Shutting down and abandoning module XAudio2 (104)
[2021.03.30-02.22.31:589][ 22]LogModuleManager: Shutting down and abandoning module Networking (102)
[2021.03.30-02.22.31:589][ 22]LogModuleManager: Shutting down and abandoning module Core (100)
[2021.03.30-02.22.31:589][ 22]LogModuleManager: Shutting down and abandoning module ImageWrapper (96)
[2021.03.30-02.22.31:589][ 22]LogModuleManager: Shutting down and abandoning module InputCore (94)
[2021.03.30-02.22.31:589][ 22]LogModuleManager: Shutting down and abandoning module Settings (92)
[2021.03.30-02.22.31:589][ 22]LogModuleManager: Shutting down and abandoning module PhysXCooking (90)
[2021.03.30-02.22.31:590][ 22]LogModuleManager: Shutting down and abandoning module ChaosSolvers (88)
[2021.03.30-02.22.31:590][ 22]LogModuleManager: Shutting down and abandoning module FieldSystemEngine (87)
[2021.03.30-02.22.31:590][ 22]LogModuleManager: Shutting down and abandoning module Chaos (84)
[2021.03.30-02.22.31:590][ 22]LogModuleManager: Shutting down and abandoning module WindowsPlatformFeatures (82)
[2021.03.30-02.22.31:590][ 22]LogModuleManager: Shutting down and abandoning module GameplayMediaEncoder (81)
[2021.03.30-02.22.31:590][ 22]LogModuleManager: Shutting down and abandoning module AVEncoder (80)
[2021.03.30-02.22.31:590][ 22]LogModuleManager: Shutting down and abandoning module SteamVRInputDevice (76)
[2021.03.30-02.22.31:590][ 22]LogModuleManager: Shutting down and abandoning module SteamVRInput (74)
[2021.03.30-02.22.31:590][ 22]LogModuleManager: Shutting down and abandoning module SteamVR (72)
[2021.03.30-02.22.31:590][ 22]LogHMD: Freeing OpenVRDLLHandle.
[2021.03.30-02.22.31:590][ 22]LogModuleManager: Shutting down and abandoning module OculusHMD (70)
[2021.03.30-02.22.31:590][ 22]LogModuleManager: Shutting down and abandoning module ExampleDeviceProfileSelector (68)
[2021.03.30-02.22.31:590][ 22]LogModuleManager: Shutting down and abandoning module LauncherChunkInstaller (66)
[2021.03.30-02.22.31:590][ 22]LogModuleManager: Shutting down and abandoning module WmfMedia (64)
[2021.03.30-02.22.31:591][ 22]LogModuleManager: Shutting down and abandoning module Media (63)
[2021.03.30-02.22.31:591][ 22]LogModuleManager: Shutting down and abandoning module MagicLeap (60)
[2021.03.30-02.22.31:591][ 22]LogModuleManager: Shutting down and abandoning module NiagaraVertexFactories (58)
[2021.03.30-02.22.31:591][ 22]LogModuleManager: Shutting down and abandoning module NiagaraShader (56)
[2021.03.30-02.22.31:591][ 22]LogModuleManager: Shutting down and abandoning module VariantManagerContent (54)
[2021.03.30-02.22.31:591][ 22]LogModuleManager: Shutting down and abandoning module DatasmithContent (52)
[2021.03.30-02.22.31:591][ 22]LogModuleManager: Shutting down and abandoning module AISupportModule (50)
[2021.03.30-02.22.31:591][ 22]LogModuleManager: Shutting down and abandoning module OnlineSubsystem (46)
[2021.03.30-02.22.31:592][ 22]LogModuleManager: Shutting down and abandoning module HTTP (41)
[2021.03.30-02.22.31:594][ 22]LogModuleManager: Shutting down and abandoning module SSL (40)
[2021.03.30-02.22.31:595][ 22]LogModuleManager: Shutting down and abandoning module PlatformCryptoOpenSSL (36)
[2021.03.30-02.22.31:595][ 22]LogModuleManager: Shutting down and abandoning module PlatformCryptoTypes (34)
[2021.03.30-02.22.31:595][ 22]LogModuleManager: Shutting down and abandoning module PlatformCrypto (32)
[2021.03.30-02.22.31:595][ 22]LogModuleManager: Shutting down and abandoning module RenderCore (30)
[2021.03.30-02.22.31:595][ 22]LogModuleManager: Shutting down and abandoning module Landscape (28)
[2021.03.30-02.22.31:595][ 22]LogModuleManager: Shutting down and abandoning module SlateRHIRenderer (26)
[2021.03.30-02.22.31:595][ 22]LogModuleManager: Shutting down and abandoning module OpenGLDrv (24)
[2021.03.30-02.22.31:595][ 22]LogModuleManager: Shutting down and abandoning module D3D11RHI (22)
[2021.03.30-02.22.31:595][ 22]LogModuleManager: Shutting down and abandoning module AnimGraphRuntime (20)
[2021.03.30-02.22.31:595][ 22]LogModuleManager: Shutting down and abandoning module Renderer (18)
[2021.03.30-02.22.31:595][ 22]LogModuleManager: Shutting down and abandoning module Engine (16)
[2021.03.30-02.22.31:595][ 22]LogModuleManager: Shutting down and abandoning module CoreUObject (14)
[2021.03.30-02.22.31:595][ 22]LogModuleManager: Shutting down and abandoning module NetworkFile (12)
[2021.03.30-02.22.31:595][ 22]LogModuleManager: Shutting down and abandoning module CookedIterativeFile (10)
[2021.03.30-02.22.31:595][ 22]LogModuleManager: Shutting down and abandoning module StreamingFile (8)
[2021.03.30-02.22.31:595][ 22]LogModuleManager: Shutting down and abandoning module SandboxFile (6)
[2021.03.30-02.22.31:595][ 22]LogModuleManager: Shutting down and abandoning module PakFile (4)
[2021.03.30-02.22.31:596][ 22]LogModuleManager: Shutting down and abandoning module RSA (3)
[2021.03.30-02.22.31:596][ 22]LogContentStreaming: Display: There are 1 unreleased StreamingManagers
[2021.03.30-02.22.31:597][ 22]LogD3D11RHI: Shutdown
[2021.03.30-02.22.31:597][ 22]LogD3D11RHI: CleanupD3DDevice
[2021.03.30-02.22.31:602][ 22]LogExit: Exiting.
[2021.03.30-02.22.31:610][ 22]Log file closed, 03/29/21 22:22:31
